Log file open, 03/30/18 17:04:19
LogWindows: Failed to load 'aqProf.dll' (GetLastError=126)
LogWindows: File 'aqProf.dll' does not exist
LogWindows: Failed to load 'VSPerf140.dll' (GetLastError=126)
LogWindows: File 'VSPerf140.dll' does not exist
LogWindows: Failed to load 'VtuneApi.dll' (GetLastError=126)
LogWindows: File 'VtuneApi.dll' does not exist
LogWindows: Failed to load 'VtuneApi32e.dll' (GetLastError=126)
LogWindows: File 'VtuneApi32e.dll' does not exist
LogInit: Display: Running engine for game: DungeonBuilder
LogPlatformFile: Not using cached read wrapper
LogInit: Display: RandInit(2035505239) SRandInit(2035505239).
LogInit: Read version file with build ID '3944462'
LogInit: Overriding engine version to CL 3944462, compatible CL 3944462
LogInit: Registered custom module enumerator with build ID '3944462'
LogTaskGraph: Started task graph with 5 named threads and 23 total threads with 3 sets of task threads.
LogStats: Stats thread started at 0.281954
LogD3D11RHI: Aftermath initialized
LogICUInternationalization: Display: ICU TimeZone Detection - Raw Offset: -5:00, Platform Override: ''
LogPluginManager: Mounting plugin Paper2D
LogPluginManager: Mounting plugin LiveLink
LogPluginManager: Mounting plugin LightPropagationVolume
LogPluginManager: Mounting plugin CLionSourceCodeAccess
LogPluginManager: Mounting plugin CodeLiteSourceCodeAccess
LogPluginManager: Mounting plugin GitSourceControl
LogPluginManager: Mounting plugin KDevelopSourceCodeAccess
LogPluginManager: Mounting plugin NullSourceCodeAccess
LogPluginManager: Mounting plugin PerforceSourceControl
LogPluginManager: Mounting plugin SubversionSourceControl
LogPluginManager: Mounting plugin UObjectPlugin
LogPluginManager: Mounting plugin VisualStudioCodeSourceCodeAccess
LogPluginManager: Mounting plugin VisualStudioSourceCodeAccess
LogPluginManager: Mounting plugin XCodeSourceCodeAccess
LogPluginManager: Mounting plugin AssetManagerEditor
LogPluginManager: Mounting plugin CryptoKeys
LogPluginManager: Mounting plugin DataValidation
LogPluginManager: Mounting plugin FacialAnimation
LogPluginManager: Mounting plugin GameplayTagsEditor
LogPluginManager: Mounting plugin MobileLauncherProfileWizard
LogPluginManager: Mounting plugin PluginBrowser
LogPluginManager: Mounting plugin SpeedTreeImporter
LogPluginManager: Mounting plugin DatasmithContent
LogPluginManager: Mounting plugin AlembicImporter
LogPluginManager: Mounting plugin CharacterAI
LogPluginManager: Mounting plugin HTML5Networking
LogPluginManager: Mounting plugin AndroidMedia
LogPluginManager: Mounting plugin AvfMedia
LogPluginManager: Mounting plugin ImgMedia
LogPluginManager: Mounting plugin LinearTimecode
LogPluginManager: Mounting plugin MediaCompositing
LogPluginManager: Mounting plugin MediaPlayerEditor
LogPluginManager: Mounting plugin WmfMedia
LogPluginManager: Mounting plugin TcpMessaging
LogPluginManager: Mounting plugin UdpMessaging
LogPluginManager: Mounting plugin ActorSequence
LogPluginManager: Mounting plugin LevelSequenceEditor
LogPluginManager: Mounting plugin MatineeToLevelSequence
LogPluginManager: Mounting plugin NetcodeUnitTest
LogPluginManager: Mounting plugin NUTUnrealEngine4
LogPluginManager: Mounting plugin OnlineSubsystemGooglePlay
LogPluginManager: Mounting plugin OnlineSubsystemIOS
LogPluginManager: Mounting plugin OnlineSubsystem
LogPluginManager: Mounting plugin OnlineSubsystemNull
LogPluginManager: Mounting plugin OnlineSubsystemUtils
LogPluginManager: Mounting plugin AndroidDeviceProfileSelector
LogPluginManager: Mounting plugin AndroidMoviePlayer
LogPluginManager: Mounting plugin AndroidPermission
LogPluginManager: Mounting plugin AppleARKit
LogPluginManager: Mounting plugin AppleMoviePlayer
LogPluginManager: Mounting plugin ArchVisCharacter
LogPluginManager: Mounting plugin AudioCapture
LogPluginManager: Mounting plugin CableComponent
LogPluginManager: Mounting plugin CustomMeshComponent
LogPluginManager: Mounting plugin ExampleDeviceProfileSelector
LogPluginManager: Mounting plugin GoogleCloudMessaging
LogPluginManager: Mounting plugin ImmediatePhysics
LogPluginManager: Mounting plugin IOSDeviceProfileSelector
LogPluginManager: Mounting plugin LinuxDeviceProfileSelector
LogPluginManager: Mounting plugin LocationServicesBPLibrary
LogPluginManager: Mounting plugin MobilePatchingUtils
LogPluginManager: Mounting plugin OculusVR
LogPluginManager: Plugin shader directory ../../../Engine/Plugins/Runtime/Oculus/OculusVR/Shaders found
LogPluginManager: Mapping shader source directory ../../../Engine/Plugins/Runtime/Oculus/OculusVR/Shaders to virtual directory /Plugin/OculusVR
LogPluginManager: Mounting plugin PhysXVehicles
LogPluginManager: Mounting plugin ProceduralMeshComponent
LogPluginManager: Mounting plugin RuntimePhysXCooking
LogPluginManager: Mounting plugin SteamVR
LogPluginManager: Mounting plugin WindowsMoviePlayer
LogStreaming: Display: Took  0.095s to configure plugins.
LogModuleManager: Display: Found up-to-date module file F:/UE4_DungeonBuilder/DungeonBuilder/Binaries/Win64/UE4Editor-DungeonBuilder.dll (API version 3944462).
LogModuleManager: Display: Found up-to-date module file ../../../Engine/Plugins/2D/Paper2D/Binaries/Win64/UE4Editor-Paper2D.dll (API version 3944462).
LogModuleManager: Display: Found up-to-date module file ../../../Engine/Plugins/2D/Paper2D/Binaries/Win64/UE4Editor-Paper2DEditor.dll (API version 3944462).
LogModuleManager: Display: Found up-to-date module file ../../../Engine/Plugins/2D/Paper2D/Binaries/Win64/UE4Editor-PaperSpriteSheetImporter.dll (API version 3944462).
LogModuleManager: Display: Found up-to-date module file ../../../Engine/Plugins/2D/Paper2D/Binaries/Win64/UE4Editor-PaperTiledImporter.dll (API version 3944462).
LogModuleManager: Display: Found up-to-date module file ../../../Engine/Plugins/2D/Paper2D/Binaries/Win64/UE4Editor-SmartSnapping.dll (API version 3944462).
LogModuleManager: Display: Found up-to-date module file ../../../Engine/Plugins/Animation/LiveLink/Binaries/Win64/UE4Editor-LiveLink.dll (API version 3944462).
LogModuleManager: Display: Found up-to-date module file ../../../Engine/Plugins/Animation/LiveLink/Binaries/Win64/UE4Editor-LiveLinkEditor.dll (API version 3944462).
LogModuleManager: Display: Found up-to-date module file ../../../Engine/Plugins/Blendables/LightPropagationVolume/Binaries/Win64/UE4Editor-LightPropagationVolumeRuntime.dll (API version 3944462).
LogModuleManager: Display: Found up-to-date module file ../../../Engine/Plugins/Blendables/LightPropagationVolume/Binaries/Win64/UE4Editor-LightPropagationVolumeEditor.dll (API version 3944462).
LogModuleManager: Display: Found up-to-date module file ../../../Engine/Plugins/Developer/CLionSourceCodeAccess/Binaries/Win64/UE4Editor-CLionSourceCodeAccess.dll (API version 3944462).
LogModuleManager: Display: Found up-to-date module file ../../../Engine/Plugins/Developer/GitSourceControl/Binaries/Win64/UE4Editor-GitSourceControl.dll (API version 3944462).
LogModuleManager: Display: Found up-to-date module file ../../../Engine/Plugins/Developer/PerforceSourceControl/Binaries/Win64/UE4Editor-PerforceSourceControl.dll (API version 3944462).
LogModuleManager: Display: Found up-to-date module file ../../../Engine/Plugins/Developer/SubversionSourceControl/Binaries/Win64/UE4Editor-SubversionSourceControl.dll (API version 3944462).
LogModuleManager: Display: Found up-to-date module file ../../../Engine/Plugins/Developer/UObjectPlugin/Binaries/Win64/UE4Editor-UObjectPlugin.dll (API version 3944462).
LogModuleManager: Display: Found up-to-date module file ../../../Engine/Plugins/Developer/VisualStudioCodeSourceCodeAccess/Binaries/Win64/UE4Editor-VisualStudioCodeSourceCodeAccess.dll (API version 3944462).
LogModuleManager: Display: Found up-to-date module file ../../../Engine/Plugins/Developer/VisualStudioSourceCodeAccess/Binaries/Win64/UE4Editor-VisualStudioSourceCodeAccess.dll (API version 3944462).
LogModuleManager: Display: Found up-to-date module file ../../../Engine/Plugins/Editor/AssetManagerEditor/Binaries/Win64/UE4Editor-AssetManagerEditor.dll (API version 3944462).
LogModuleManager: Display: Found up-to-date module file ../../../Engine/Plugins/Editor/CryptoKeys/Binaries/Win64/UE4Editor-CryptoKeys.dll (API version 3944462).
LogModuleManager: Display: Found up-to-date module file ../../../Engine/Plugins/Editor/CryptoKeys/Binaries/Win64/UE4Editor-CryptoKeysOpenSSL.dll (API version 3944462).
LogModuleManager: Display: Found up-to-date module file ../../../Engine/Plugins/Editor/DataValidation/Binaries/Win64/UE4Editor-DataValidation.dll (API version 3944462).
LogModuleManager: Display: Found up-to-date module file ../../../Engine/Plugins/Editor/FacialAnimation/Binaries/Win64/UE4Editor-FacialAnimation.dll (API version 3944462).
LogModuleManager: Display: Found up-to-date module file ../../../Engine/Plugins/Editor/FacialAnimation/Binaries/Win64/UE4Editor-FacialAnimationEditor.dll (API version 3944462).
LogModuleManager: Display: Found up-to-date module file ../../../Engine/Plugins/Editor/GameplayTagsEditor/Binaries/Win64/UE4Editor-GameplayTagsEditor.dll (API version 3944462).
LogModuleManager: Display: Found up-to-date module file ../../../Engine/Plugins/Editor/MobileLauncherProfileWizard/Binaries/Win64/UE4Editor-MobileLauncherProfileWizard.dll (API version 3944462).
LogModuleManager: Display: Found up-to-date module file ../../../Engine/Plugins/Editor/PluginBrowser/Binaries/Win64/UE4Editor-PluginBrowser.dll (API version 3944462).
LogModuleManager: Display: Found up-to-date module file ../../../Engine/Plugins/Editor/SpeedTreeImporter/Binaries/Win64/UE4Editor-SpeedTreeImporter.dll (API version 3944462).
LogModuleManager: Display: Found up-to-date module file ../../../Engine/Plugins/Enterprise/DatasmithContent/Binaries/Win64/UE4Editor-DatasmithContent.dll (API version 3944462).
LogModuleManager: Display: Found up-to-date module file ../../../Engine/Plugins/Experimental/AlembicImporter/Binaries/Win64/UE4Editor-AlembicImporter.dll (API version 3944462).
LogModuleManager: Display: Found up-to-date module file ../../../Engine/Plugins/Experimental/AlembicImporter/Binaries/Win64/UE4Editor-AlembicLibrary.dll (API version 3944462).
LogModuleManager: Display: Found up-to-date module file ../../../Engine/Plugins/Experimental/CharacterAI/Binaries/Win64/UE4Editor-CharacterAI.dll (API version 3944462).
LogModuleManager: Display: Found up-to-date module file ../../../Engine/Plugins/Experimental/HTML5Networking/Binaries/Win64/UE4Editor-HTML5Networking.dll (API version 3944462).
LogModuleManager: Display: Found up-to-date module file ../../../Engine/Plugins/Media/AndroidMedia/Binaries/Win64/UE4Editor-AndroidMediaEditor.dll (API version 3944462).
LogModuleManager: Display: Found up-to-date module file ../../../Engine/Plugins/Media/AndroidMedia/Binaries/Win64/UE4Editor-AndroidMediaFactory.dll (API version 3944462).
LogModuleManager: Display: Found up-to-date module file ../../../Engine/Plugins/Media/AvfMedia/Binaries/Win64/UE4Editor-AvfMediaEditor.dll (API version 3944462).
LogModuleManager: Display: Found up-to-date module file ../../../Engine/Plugins/Media/AvfMedia/Binaries/Win64/UE4Editor-AvfMediaFactory.dll (API version 3944462).
LogModuleManager: Display: Found up-to-date module file ../../../Engine/Plugins/Media/AvfMedia/Binaries/Win64/UE4Editor-AvfMediaFactory.dll (API version 3944462).
LogModuleManager: Display: Found up-to-date module file ../../../Engine/Plugins/Media/ImgMedia/Binaries/Win64/UE4Editor-ImgMedia.dll (API version 3944462).
LogModuleManager: Display: Found up-to-date module file ../../../Engine/Plugins/Media/ImgMedia/Binaries/Win64/UE4Editor-ImgMediaEditor.dll (API version 3944462).
LogModuleManager: Display: Found up-to-date module file ../../../Engine/Plugins/Media/ImgMedia/Binaries/Win64/UE4Editor-ImgMediaFactory.dll (API version 3944462).
LogModuleManager: Display: Found up-to-date module file ../../../Engine/Plugins/Media/ImgMedia/Binaries/Win64/UE4Editor-ImgMediaFactory.dll (API version 3944462).
LogModuleManager: Display: Found up-to-date module file ../../../Engine/Plugins/Media/ImgMedia/Binaries/Win64/UE4Editor-OpenExrWrapper.dll (API version 3944462).
LogModuleManager: Display: Found up-to-date module file ../../../Engine/Plugins/Media/LinearTimecode/Binaries/Win64/UE4Editor-LinearTimecode.dll (API version 3944462).
LogModuleManager: Display: Found up-to-date module file ../../../Engine/Plugins/Media/MediaCompositing/Binaries/Win64/UE4Editor-MediaCompositing.dll (API version 3944462).
LogModuleManager: Display: Found up-to-date module file ../../../Engine/Plugins/Media/MediaCompositing/Binaries/Win64/UE4Editor-MediaCompositingEditor.dll (API version 3944462).
LogModuleManager: Display: Found up-to-date module file ../../../Engine/Plugins/Media/MediaPlayerEditor/Binaries/Win64/UE4Editor-MediaPlayerEditor.dll (API version 3944462).
LogModuleManager: Display: Found up-to-date module file ../../../Engine/Plugins/Media/WmfMedia/Binaries/Win64/UE4Editor-WmfMedia.dll (API version 3944462).
LogModuleManager: Display: Found up-to-date module file ../../../Engine/Plugins/Media/WmfMedia/Binaries/Win64/UE4Editor-WmfMediaEditor.dll (API version 3944462).
LogModuleManager: Display: Found up-to-date module file ../../../Engine/Plugins/Media/WmfMedia/Binaries/Win64/UE4Editor-WmfMediaFactory.dll (API version 3944462).
LogModuleManager: Display: Found up-to-date module file ../../../Engine/Plugins/Media/WmfMedia/Binaries/Win64/UE4Editor-WmfMediaFactory.dll (API version 3944462).
LogModuleManager: Display: Found up-to-date module file ../../../Engine/Plugins/Messaging/TcpMessaging/Binaries/Win64/UE4Editor-TcpMessaging.dll (API version 3944462).
LogModuleManager: Display: Found up-to-date module file ../../../Engine/Plugins/Messaging/UdpMessaging/Binaries/Win64/UE4Editor-UdpMessaging.dll (API version 3944462).
LogModuleManager: Display: Found up-to-date module file ../../../Engine/Plugins/MovieScene/ActorSequence/Binaries/Win64/UE4Editor-ActorSequence.dll (API version 3944462).
LogModuleManager: Display: Found up-to-date module file ../../../Engine/Plugins/MovieScene/LevelSequenceEditor/Binaries/Win64/UE4Editor-LevelSequenceEditor.dll (API version 3944462).
LogModuleManager: Display: Found up-to-date module file ../../../Engine/Plugins/MovieScene/MatineeToLevelSequence/Binaries/Win64/UE4Editor-MatineeToLevelSequence.dll (API version 3944462).
LogModuleManager: Display: Found up-to-date module file ../../../Engine/Plugins/NetcodeUnitTest/NetcodeUnitTest/Binaries/Win64/UE4Editor-NetcodeUnitTest.dll (API version 3944462).
LogModuleManager: Display: Found up-to-date module file ../../../Engine/Plugins/NetcodeUnitTest/NUTUnrealEngine4/Binaries/Win64/UE4Editor-NUTUnrealEngine4.dll (API version 3944462).
LogModuleManager: Display: Found up-to-date module file ../../../Engine/Plugins/Online/OnlineSubsystem/Binaries/Win64/UE4Editor-OnlineSubsystem.dll (API version 3944462).
LogModuleManager: Display: Found up-to-date module file ../../../Engine/Plugins/Online/OnlineSubsystemNull/Binaries/Win64/UE4Editor-OnlineSubsystemNull.dll (API version 3944462).
LogModuleManager: Display: Found up-to-date module file ../../../Engine/Plugins/Online/OnlineSubsystemUtils/Binaries/Win64/UE4Editor-OnlineSubsystemUtils.dll (API version 3944462).
LogModuleManager: Display: Found up-to-date module file ../../../Engine/Plugins/Online/OnlineSubsystemUtils/Binaries/Win64/UE4Editor-OnlineBlueprintSupport.dll (API version 3944462).
LogModuleManager: Display: Found up-to-date module file ../../../Engine/Plugins/Runtime/AndroidDeviceProfileSelector/Binaries/Win64/UE4Editor-AndroidDeviceProfileSelector.dll (API version 3944462).
LogModuleManager: Display: Found up-to-date module file ../../../Engine/Plugins/Runtime/AndroidPermission/Binaries/Win64/UE4Editor-AndroidPermission.dll (API version 3944462).
LogModuleManager: Display: Found up-to-date module file ../../../Engine/Plugins/Runtime/AppleARKit/Binaries/Win64/UE4Editor-AppleARKit.dll (API version 3944462).
LogModuleManager: Display: Found up-to-date module file ../../../Engine/Plugins/Runtime/ArchVisCharacter/Binaries/Win64/UE4Editor-ArchVisCharacter.dll (API version 3944462).
LogModuleManager: Display: Found up-to-date module file ../../../Engine/Plugins/Runtime/AudioCapture/Binaries/Win64/UE4Editor-AudioCapture.dll (API version 3944462).
LogModuleManager: Display: Found up-to-date module file ../../../Engine/Plugins/Runtime/AudioCapture/Binaries/Win64/UE4Editor-AudioCaptureEditor.dll (API version 3944462).
LogModuleManager: Display: Found up-to-date module file ../../../Engine/Plugins/Runtime/CableComponent/Binaries/Win64/UE4Editor-CableComponent.dll (API version 3944462).
LogModuleManager: Display: Found up-to-date module file ../../../Engine/Plugins/Runtime/CustomMeshComponent/Binaries/Win64/UE4Editor-CustomMeshComponent.dll (API version 3944462).
LogModuleManager: Display: Found up-to-date module file ../../../Engine/Plugins/Runtime/ExampleDeviceProfileSelector/Binaries/Win64/UE4Editor-ExampleDeviceProfileSelector.dll (API version 3944462).
LogModuleManager: Display: Found up-to-date module file ../../../Engine/Plugins/Runtime/ImmediatePhysics/Binaries/Win64/UE4Editor-ImmediatePhysics.dll (API version 3944462).
LogModuleManager: Display: Found up-to-date module file ../../../Engine/Plugins/Runtime/ImmediatePhysics/Binaries/Win64/UE4Editor-ImmediatePhysicsEditor.dll (API version 3944462).
LogModuleManager: Display: Found up-to-date module file ../../../Engine/Plugins/Runtime/LocationServicesBPLibrary/Binaries/Win64/UE4Editor-LocationServicesBPLibrary.dll (API version 3944462).
LogModuleManager: Display: Found up-to-date module file ../../../Engine/Plugins/Runtime/MobilePatchingUtils/Binaries/Win64/UE4Editor-MobilePatchingUtils.dll (API version 3944462).
LogModuleManager: Display: Found up-to-date module file ../../../Engine/Plugins/Runtime/Oculus/OculusVR/Binaries/Win64/UE4Editor-OculusHMD.dll (API version 3944462).
LogModuleManager: Display: Found up-to-date module file ../../../Engine/Plugins/Runtime/Oculus/OculusVR/Binaries/Win64/UE4Editor-OculusInput.dll (API version 3944462).
LogModuleManager: Display: Found up-to-date module file ../../../Engine/Plugins/Runtime/Oculus/OculusVR/Binaries/Win64/UE4Editor-OculusEditor.dll (API version 3944462).
LogModuleManager: Display: Found up-to-date module file ../../../Engine/Plugins/Runtime/PhysXVehicles/Binaries/Win64/UE4Editor-PhysXVehicles.dll (API version 3944462).
LogModuleManager: Display: Found up-to-date module file ../../../Engine/Plugins/Runtime/PhysXVehicles/Binaries/Win64/UE4Editor-PhysXVehiclesEditor.dll (API version 3944462).
LogModuleManager: Display: Found up-to-date module file ../../../Engine/Plugins/Runtime/ProceduralMeshComponent/Binaries/Win64/UE4Editor-ProceduralMeshComponent.dll (API version 3944462).
LogModuleManager: Display: Found up-to-date module file ../../../Engine/Plugins/Runtime/ProceduralMeshComponent/Binaries/Win64/UE4Editor-ProceduralMeshComponentEditor.dll (API version 3944462).
LogModuleManager: Display: Found up-to-date module file ../../../Engine/Plugins/Runtime/RuntimePhysXCooking/Binaries/Win64/UE4Editor-RuntimePhysXCooking.dll (API version 3944462).
LogModuleManager: Display: Found up-to-date module file ../../../Engine/Plugins/Runtime/Steam/SteamVR/Binaries/Win64/UE4Editor-SteamVR.dll (API version 3944462).
LogModuleManager: Display: Found up-to-date module file ../../../Engine/Plugins/Runtime/Steam/SteamVR/Binaries/Win64/UE4Editor-SteamVRController.dll (API version 3944462).
LogModuleManager: Display: Found up-to-date module file ../../../Engine/Plugins/Runtime/WindowsMoviePlayer/Binaries/Win64/UE4Editor-WindowsMoviePlayer.dll (API version 3944462).
LogInit: Using libcurl 7.47.1
LogInit:  - built for x86_64-pc-win32
LogInit:  - supports SSL with OpenSSL/1.0.2g
LogInit:  - supports HTTP deflate (compression) using libz 1.2.8
LogInit:  - other features:
LogInit:      CURL_VERSION_SSL
LogInit:      CURL_VERSION_LIBZ
LogInit:      CURL_VERSION_IPV6
LogInit:      CURL_VERSION_ASYNCHDNS
LogInit:      CURL_VERSION_LARGEFILE
LogInit:      CURL_VERSION_IDN
LogInit:  CurlRequestOptions (configurable via config and command line):
LogInit:  - bVerifyPeer = false  - Libcurl will NOT verify peer certificate
LogInit:  - bUseHttpProxy = false  - Libcurl will NOT use HTTP proxy
LogInit:  - bDontReuseConnections = false  - Libcurl will reuse connections
LogInit:  - CertBundlePath = nullptr  - Libcurl will use whatever was configured at build time.
LogInit:  - MaxHostConnections = 16  - Libcurl will limit the number of connections to a host
LogInit:  - LocalHostAddr = Default
LogInit: WinSock: version 1.1 (2.2), MaxSocks=32767, MaxUdp=65467
LogInit: WinSock: I am JPDesktop (192.168.2.36:0)
LogInit: Build: ++UE4+Release-4.19-CL-3944462
LogInit: Engine Version: 4.19.0-3944462+++UE4+Release-4.19
LogInit: Compatible Engine Version: 4.19.0-3944462+++UE4+Release-4.19
LogInit: Net CL: 3944462
LogDevObjectVersion: Number of dev versions registered: 18
LogDevObjectVersion:   Dev-Blueprints (B0D832E4-1F89-4F0D-ACCF-7EB736FD4AA2): 10
LogDevObjectVersion:   Dev-Build (E1C64328-A22C-4D53-A36C-8E866417BD8C): 0
LogDevObjectVersion:   Dev-Core (375EC13C-06E4-48FB-B500-84F0262A717E): 2
LogDevObjectVersion:   Dev-Editor (E4B068ED-F494-42E9-A231-DA0B2E46BB41): 23
LogDevObjectVersion:   Dev-Framework (CFFC743F-43B0-4480-9391-14DF171D2073): 33
LogDevObjectVersion:   Dev-Mobile (B02B49B5-BB20-44E9-A304-32B752E40360): 2
LogDevObjectVersion:   Dev-Networking (A4E4105C-59A1-49B5-A7C5-40C4547EDFEE): 0
LogDevObjectVersion:   Dev-Online (39C831C9-5AE6-47DC-9A44-9C173E1C8E7C): 0
LogDevObjectVersion:   Dev-Physics (78F01B33-EBEA-4F98-B9B4-84EACCB95AA2): 0
LogDevObjectVersion:   Dev-Platform (6631380F-2D4D-43E0-8009-CF276956A95A): 0
LogDevObjectVersion:   Dev-Rendering (12F88B9F-8875-4AFC-A67C-D90C383ABD29): 25
LogDevObjectVersion:   Dev-Sequencer (7B5AE74C-D270-4C10-A958-57980B212A5A): 6
LogDevObjectVersion:   Dev-VR (D7296918-1DD6-4BDD-9DE2-64A83CC13884): 1
LogDevObjectVersion:   Dev-LoadTimes (C2A15278-BFE7-4AFE-6C17-90FF531DF755): 1
LogDevObjectVersion:   Private-Geometry (6EACA3D4-40EC-4CC1-B786-8BED09428FC5): 2
LogDevObjectVersion:   Dev-AnimPhys (29E575DD-E0A3-4627-9D10-D276232CDCEA): 16
LogDevObjectVersion:   Dev-ReflectionCapture (6B266CEC-1EC7-4B8F-A30B-E4D90942FC07): 1
LogDevObjectVersion:   Dev-Automation (0DF73D61-A23F-47EA-B727-89E90C41499A): 1
LogInit: Compiled (64-bit): Mar 13 2018 23:12:32
LogInit: Compiled with Visual C++: 19.00.24215.01
LogInit: Build Configuration: Development
LogInit: Branch Name: ++UE4+Release-4.19
LogInit: Command Line: -EpicPortal 
LogInit: Base Directory: E:/Program Files/UE_4.19/Engine/Binaries/Win64/
LogInit: Installed Engine Build: 1
LogStreaming: Display: Took  0.000s to delete old logs.
LogInit: Presizing for max 8388607 objects, including 0 objects not considered by GC, pre-allocating 0 bytes for permanent pool.
LogInit: Object subsystem initialized
[2018.03.30-21.04.20:787][  0]LogInit: Selected Device Profile: [Windows]
[2018.03.30-21.04.20:787][  0]LogInit: Applying CVar settings loaded from the selected device profile: [Windows]
[2018.03.30-21.04.20:800][  0]LogInit: Computer: JPDESKTOP
[2018.03.30-21.04.20:800][  0]LogInit: User: JayMcGee
[2018.03.30-21.04.20:800][  0]LogInit: CPU Page size=4096, Cores=4
[2018.03.30-21.04.20:800][  0]LogInit: High frequency timer resolution =3.312783 MHz
[2018.03.30-21.04.20:800][  0]LogMemory: Memory total: Physical=15.7GB (16GB approx)
[2018.03.30-21.04.20:800][  0]LogMemory: Platform Memory Stats for Windows
[2018.03.30-21.04.20:801][  0]LogMemory: Process Physical Memory: 276.51 MB used, 276.51 MB peak
[2018.03.30-21.04.20:801][  0]LogMemory: Process Virtual Memory: 264.63 MB used, 264.63 MB peak
[2018.03.30-21.04.20:801][  0]LogMemory: Physical Memory: 7860.15 MB used,  8248.91 MB free, 16109.06 MB total
[2018.03.30-21.04.20:801][  0]LogMemory: Virtual Memory: 693.26 MB used,  8248.91 MB free, 134217728.00 MB total
[2018.03.30-21.04.20:877][  0]LogInit: Using OS detected language (en-US).
[2018.03.30-21.04.20:877][  0]LogInit: Using OS detected locale (en-US).
[2018.03.30-21.04.20:881][  0]LogTextLocalizationManager: No specific localization for 'en-US' exists, so the 'en' localization will be used.
[2018.03.30-21.04.21:385][  0]LogStreaming: Display: Took  0.508s to EndInitTextLocalization.
[2018.03.30-21.04.21:386][  0]LogInit: Setting process to per monitor DPI aware
[2018.03.30-21.04.21:442][  0]LogSlate: New Slate User Created.  User Index 0, Is Virtual User: 0
[2018.03.30-21.04.21:442][  0]LogSlate: Slate User Registered.  User Index 0, Is Virtual User: 0
[2018.03.30-21.04.21:647][  0]LogD3D11RHI: D3D11 adapters:
[2018.03.30-21.04.21:708][  0]LogD3D11RHI:    0. 'NVIDIA GeForce GTX 960' (Feature Level 11_0)
[2018.03.30-21.04.21:708][  0]LogD3D11RHI:       2016/0/8054 MB DedicatedVideo/DedicatedSystem/SharedSystem, Outputs:2, VendorId:0x10de
[2018.03.30-21.04.21:711][  0]LogD3D11RHI:    1. 'Intel(R) HD Graphics 3000' (Feature Level 10_0)
[2018.03.30-21.04.21:711][  0]LogD3D11RHI:       256/0/1504 MB DedicatedVideo/DedicatedSystem/SharedSystem, Outputs:0, VendorId:0x8086
[2018.03.30-21.04.21:714][  0]LogD3D11RHI:    2. 'Microsoft Basic Render Driver' (Feature Level 11_0)
[2018.03.30-21.04.21:714][  0]LogD3D11RHI:       0/0/8054 MB DedicatedVideo/DedicatedSystem/SharedSystem, Outputs:0, VendorId:0x1414
[2018.03.30-21.04.21:714][  0]LogD3D11RHI: Chosen D3D11 Adapter: 0
[2018.03.30-21.04.21:720][  0]LogD3D11RHI: Creating new Direct3DDevice
[2018.03.30-21.04.21:720][  0]LogD3D11RHI:     GPU DeviceId: 0x1401 (for the marketing name, search the web for "GPU Device Id")
[2018.03.30-21.04.21:720][  0]LogWindows: EnumDisplayDevices:
[2018.03.30-21.04.21:720][  0]LogWindows:    0. 'NVIDIA GeForce GTX 960' (P:1 D:1)
[2018.03.30-21.04.21:721][  0]LogWindows:    1. 'NVIDIA GeForce GTX 960' (P:0 D:1)
[2018.03.30-21.04.21:721][  0]LogWindows:    2. 'NVIDIA GeForce GTX 960' (P:0 D:0)
[2018.03.30-21.04.21:721][  0]LogWindows:    3. 'NVIDIA GeForce GTX 960' (P:0 D:0)
[2018.03.30-21.04.21:721][  0]LogWindows:    4. 'Intel(R) HD Graphics 3000' (P:0 D:0)
[2018.03.30-21.04.21:721][  0]LogWindows:    5. 'Intel(R) HD Graphics 3000' (P:0 D:0)
[2018.03.30-21.04.21:721][  0]LogWindows: DebugString: GetVideoDriverDetailsInvalid PrimaryIsNotTheChoosenAdapter GetVideoDriverDetailsInvalid PrimaryIsNotTheChoosenAdapter GetVideoDriverDetailsInvalid PrimaryIsNotTheChoosenAdapter GetVideoDriverDetailsInvalid PrimaryIsNotTheChoosenAdapter GetVideoDriverDetailsInvalid PrimaryIsNotTheChoosenAdapter GetVideoDriverDetailsInvalid PrimaryIsNotTheChoosenAdapter FoundDriverCount:0 
[2018.03.30-21.04.21:721][  0]LogD3D11RHI:     Adapter Name: NVIDIA GeForce GTX 960
[2018.03.30-21.04.21:721][  0]LogD3D11RHI:   Driver Version: Unknown (internal:Unknown, unified:Unknown)
[2018.03.30-21.04.21:721][  0]LogD3D11RHI:      Driver Date: Unknown
[2018.03.30-21.04.21:722][  0]LogRHI: Texture pool is 1411 MB (70% of 2016 MB)
[2018.03.30-21.04.21:746][  0]LogD3D11RHI: [Aftermath] Aftermath enabled but failed to initialize
[2018.03.30-21.04.21:746][  0]LogD3D11RHI: Async texture creation enabled
[2018.03.30-21.04.21:760][  0]LogD3D11RHI: GPU Timing Frequency: 1000.000000 (Debug: 2 1)
[2018.03.30-21.04.21:763][  0]LogShaderCompilers: Guid format shader working directory is 13 characters bigger than the processId version (F:/UE4_DungeonBuilder/DungeonBuilder/Intermediate/Shaders/WorkingDirectory/8980/).
[2018.03.30-21.04.21:763][  0]LogShaderCompilers: Cleaned the shader compiler working directory 'C:/Users/JayMcGee/AppData/Local/Temp/UnrealShaderWorkingDir/9ACE8CED4DFECB8DEB0FD4AEDB6B00B1/'.
[2018.03.30-21.04.22:084][  0]LogTemp: Display: Loaded TP AllDesktopTargetPlatform
[2018.03.30-21.04.22:099][  0]LogTemp: Display: Loaded TP MacClientTargetPlatform
[2018.03.30-21.04.22:114][  0]LogTemp: Display: Loaded TP MacNoEditorTargetPlatform
[2018.03.30-21.04.22:129][  0]LogTemp: Display: Loaded TP MacServerTargetPlatform
[2018.03.30-21.04.22:144][  0]LogTemp: Display: Loaded TP MacTargetPlatform
[2018.03.30-21.04.22:159][  0]LogTemp: Display: Loaded TP WindowsClientTargetPlatform
[2018.03.30-21.04.22:173][  0]LogTemp: Display: Loaded TP WindowsNoEditorTargetPlatform
[2018.03.30-21.04.22:188][  0]LogTemp: Display: Loaded TP WindowsServerTargetPlatform
[2018.03.30-21.04.22:194][  0]LogTemp: Display: Loaded TP WindowsTargetPlatform
[2018.03.30-21.04.22:208][  0]LogTemp: Display: Loaded TP Android_ASTCTargetPlatform
[2018.03.30-21.04.22:222][  0]LogTemp: Display: Loaded TP Android_ATCTargetPlatform
[2018.03.30-21.04.22:235][  0]LogTemp: Display: Loaded TP Android_DXTTargetPlatform
[2018.03.30-21.04.22:249][  0]LogTemp: Display: Loaded TP Android_ETC1aTargetPlatform
[2018.03.30-21.04.22:263][  0]LogTemp: Display: Loaded TP Android_ETC1TargetPlatform
[2018.03.30-21.04.22:277][  0]LogTemp: Display: Loaded TP Android_ETC2TargetPlatform
[2018.03.30-21.04.22:307][  0]LogTemp: Display: Loaded TP Android_MultiTargetPlatform
[2018.03.30-21.04.22:307][  0]LogTemp: Display: Loaded TP Android_PVRTCTargetPlatform
[2018.03.30-21.04.22:321][  0]LogTemp: Display: Loaded TP AndroidTargetPlatform
[2018.03.30-21.04.22:323][  0]LogTemp: Display: Loaded TP HTML5TargetPlatform
[2018.03.30-21.04.22:362][  0]LogTemp: Display: Loaded TP IOSTargetPlatform
[2018.03.30-21.04.22:377][  0]LogTemp: Display: Loaded TP TVOSTargetPlatform
[2018.03.30-21.04.22:391][  0]LogTemp: Display: Loaded TP LinuxClientTargetPlatform
[2018.03.30-21.04.22:406][  0]LogTemp: Display: Loaded TP LinuxNoEditorTargetPlatform
[2018.03.30-21.04.22:421][  0]LogTemp: Display: Loaded TP LinuxServerTargetPlatform
[2018.03.30-21.04.22:435][  0]LogTemp: Display: Loaded TP LinuxTargetPlatform
[2018.03.30-21.04.22:435][  0]LogTargetPlatformManager: Display: Building Assets For Windows
[2018.03.30-21.04.22:537][  0]LogXGEController: Cannot use XGE Controller as Incredibuild is not installed on this machine.
[2018.03.30-21.04.22:537][  0]LogShaderCompilers: Cannot use XGE Shader Compiler as Incredibuild is not installed on this machine.
[2018.03.30-21.04.22:537][  0]LogShaderCompilers: Display: Using Local Shader Compiler.
[2018.03.30-21.04.23:485][  0]LogDerivedDataCache: Display: Max Cache Size: 512 MB
[2018.03.30-21.04.23:608][  0]LogDerivedDataCache: Loaded boot cache 0.12s 74MB C:/Users/JayMcGee/AppData/Local/UnrealEngine/4.19/DerivedDataCache/Boot.ddc.
[2018.03.30-21.04.23:609][  0]LogDerivedDataCache: Display: Loaded Boot cache: C:/Users/JayMcGee/AppData/Local/UnrealEngine/4.19/DerivedDataCache/Boot.ddc
[2018.03.30-21.04.23:609][  0]LogDerivedDataCache: FDerivedDataBackendGraph:  Pak pak cache file F:/UE4_DungeonBuilder/DungeonBuilder/DerivedDataCache/DDC.ddp not found, will not use a pak cache.
[2018.03.30-21.04.23:609][  0]LogDerivedDataCache: Unable to find inner node Pak for hierarchical cache Hierarchy.
[2018.03.30-21.04.23:609][  0]LogDerivedDataCache: FDerivedDataBackendGraph:  CompressedPak pak cache file F:/UE4_DungeonBuilder/DungeonBuilder/DerivedDataCache/Compressed.ddp not found, will not use a pak cache.
[2018.03.30-21.04.23:609][  0]LogDerivedDataCache: Unable to find inner node CompressedPak for hierarchical cache Hierarchy.
[2018.03.30-21.04.23:634][  0]LogDerivedDataCache: Display: Pak cache opened for reading ../../../Engine/DerivedDataCache/Compressed.ddp.
[2018.03.30-21.04.23:646][  0]LogDerivedDataCache: Using Local data cache path C:/Users/JayMcGee/AppData/Local/UnrealEngine/Common/DerivedDataCache: Writable
[2018.03.30-21.04.23:670][  0]LogMaterial: Verifying Global Shaders for PCD3D_SM5
[2018.03.30-21.04.23:671][  0]LogSlate: Using Freetype 2.6.0
[2018.03.30-21.04.23:671][  0]LogSlate: SlateFontCache - WITH_FREETYPE: 1, WITH_HARFBUZZ: 1
[2018.03.30-21.04.23:672][  0]LogSlate: SlateFontCache - WITH_FREETYPE: 1, WITH_HARFBUZZ: 1
[2018.03.30-21.04.23:835][  0]LogAssetRegistry: FAssetRegistry took 0.0309 seconds to start up
[2018.03.30-21.04.24:418][  0]LogInit: Selected Device Profile: [Windows]
[2018.03.30-21.04.24:638][  0]LogSimplygon: Simplygon DLL not present - disabling.
[2018.03.30-21.04.24:642][  0]LogMeshReduction: Using SimplygonSwarm for distributed automatic mesh merging
[2018.03.30-21.04.24:642][  0]LogMeshReduction: Using QuadricMeshReduction for automatic static mesh reduction
[2018.03.30-21.04.24:642][  0]LogMeshReduction: No automatic skeletal mesh reduction module available
[2018.03.30-21.04.24:642][  0]LogMeshReduction: No automatic mesh merging module available
[2018.03.30-21.04.24:642][  0]LogMeshMerging: No automatic mesh merging module available
[2018.03.30-21.04.24:679][  0]LogNetVersion: DungeonBuilder , NetCL: 3944462, EngineNetVer: 2, GameNetVer: 0 (Checksum: 4234428770)
[2018.03.30-21.04.25:374][  0]LogPackageLocalizationCache: Processed 9 localized package path(s) for 2 prioritized culture(s) in 0.128516 seconds
[2018.03.30-21.04.25:380][  0]LogUObjectArray: 36728 objects as part of root set at end of initial load.
[2018.03.30-21.04.25:380][  0]LogUObjectAllocator: 7314312 out of 0 bytes used by permanent object pool.
[2018.03.30-21.04.25:380][  0]LogUObjectArray: CloseDisregardForGC: 0/0 objects in disregard for GC pool
[2018.03.30-21.04.27:401][  0]LogTcpMessaging: Initializing TcpMessaging bridge
[2018.03.30-21.04.27:447][  0]LogUdpMessaging: Initializing bridge on interface 0.0.0.0:0 to multicast group 230.0.0.1:6666.
[2018.03.30-21.04.27:708][  0]LogMaterial: Missing cached shader map for material M_Cursor_Decal, compiling. 
[2018.03.30-21.04.28:932][  0]LogShaderCompilers: Display: Shaders left to compile 34
[2018.03.30-21.04.28:932][  0]LogShaderCompilers: Display: Shaders left to compile 24
[2018.03.30-21.04.28:932][  0]LogShaderCompilers: Display: Shaders left to compile 14
[2018.03.30-21.04.28:932][  0]LogShaderCompilers: Display: Shaders left to compile 4
[2018.03.30-21.04.29:716][  0]LogSkeletalMesh: Skeletal Mesh found in DDC [444.986572ms] /Game/Mannequin/Character/Mesh/SK_Mannequin.SK_Mannequin
[2018.03.30-21.04.29:904][  0]SourceControl: Source control is disabled
[2018.03.30-21.04.29:904][  0]SourceControl: Source control is disabled
[2018.03.30-21.04.29:927][  0]SourceControl: Source control is disabled
[2018.03.30-21.04.29:948][  0]SourceControl: Source control is disabled
[2018.03.30-21.04.30:501][  0]LogAndroidPermission: UAndroidPermissionCallbackProxy::GetInstance
[2018.03.30-21.04.30:731][  0]LogOcInput: OculusInput pre-init called
[2018.03.30-21.04.30:866][  0]LogEngine: Initializing Engine...
[2018.03.30-21.04.30:868][  0]LogHMD: Failed to initialize OpenVR with code 110
[2018.03.30-21.04.30:869][  0]LogStats: UGameplayTagsManager::ConstructGameplayTagTree: Construct from data asset -  0.000 s
[2018.03.30-21.04.30:869][  0]LogStats: UGameplayTagsManager::ConstructGameplayTagTree: GameplayTagTreeChangedEvent.Broadcast -  0.000 s
[2018.03.30-21.04.31:221][  0]LogAIModule: Creating AISystem for world Untitled
[2018.03.30-21.04.31:258][  0]LogInit: XAudio2 using 'Line Out (4- Scarlett Solo)' : 2 channels at 48 kHz using 16 bits per sample (channel mask 0x3)
[2018.03.30-21.04.31:269][  0]LogInit: FAudioDevice initialized.
[2018.03.30-21.04.31:385][  0]LogDerivedDataCache: Saved boot cache 0.12s 77MB C:/Users/JayMcGee/AppData/Local/UnrealEngine/4.19/DerivedDataCache/Boot.ddc.
[2018.03.30-21.04.31:411][  0]LogInit: Texture streaming: Enabled
[2018.03.30-21.04.31:429][  0]LogEngineSessionManager: EngineSessionManager initialized
[2018.03.30-21.04.31:446][  0]LogInit: Transaction tracking system initialized
[2018.03.30-21.04.31:476][  0]BlueprintLog: New page: Editor Load
[2018.03.30-21.04.31:702][  0]LocalizationService: Localization service is disabled
[2018.03.30-21.04.31:861][  0]LogConsoleResponse: Display: 
[2018.03.30-21.04.32:116][  0]LogCook: Display: Max memory allowance for cook 16384mb min free memory 0mb
[2018.03.30-21.04.32:117][  0]LogCook: Display: Mobile HDR setting 1
[2018.03.30-21.04.32:117][  0]LogGameplayTags: Display: UGameplayTagsManager::DoneAddingNativeTags. DelegateIsBound: 0
[2018.03.30-21.04.32:117][  0]LogFileCache: Scanning file cache for directory 'F:/UE4_DungeonBuilder/DungeonBuilder/Content/' took 0.01s
[2018.03.30-21.04.32:117][  0]LogStats: UGameplayTagsManager::ConstructGameplayTagTree: Construct from data asset -  0.000 s
[2018.03.30-21.04.32:117][  0]LogStats: UGameplayTagsManager::ConstructGameplayTagTree: GameplayTagTreeChangedEvent.Broadcast -  0.000 s
[2018.03.30-21.04.32:565][  0]SourceControl: Source control is disabled
[2018.03.30-21.04.32:565][  0]Cmd: MAP LOAD FILE="F:/UE4_DungeonBuilder/DungeonBuilder/Content/TopDownCPP/Maps/TopDownExampleMap.umap" TEMPLATE=0 SHOWPROGRESS=1 FEATURELEVEL=3
[2018.03.30-21.04.32:565][  0]LightingResults: New page: Lighting Build
[2018.03.30-21.04.32:568][  0]MapCheck: New page: Map Check
[2018.03.30-21.04.32:568][  0]LightingResults: New page: Lighting Build
[2018.03.30-21.04.32:950][  0]LogAIModule: Creating AISystem for world TopDownExampleMap
[2018.03.30-21.04.32:960][  0]LogEditorServer: Finished looking for orphan Actors (0.000 secs)
[2018.03.30-21.04.32:980][  0]Cmd: MAP CHECKDEP NOCLEARLOG
[2018.03.30-21.04.33:037][  0]MapCheck: Map check complete: 0 Error(s), 0 Warning(s), took 57.03ms to complete.
[2018.03.30-21.04.33:037][  0]LogFileHelpers: Loading map 'TopDownExampleMap' took 0.472
[2018.03.30-21.04.33:917][  0]LogCollectionManager: Loaded 0 collections in 0.001422 seconds
[2018.03.30-21.04.33:977][  0]LogFileCache: Scanning file cache for directory 'F:/UE4_DungeonBuilder/DungeonBuilder/Saved/Collections/' took 0.01s
[2018.03.30-21.04.33:977][  0]LogFileCache: Scanning file cache for directory 'F:/UE4_DungeonBuilder/DungeonBuilder/Content/Developers/JayMcGee/Collections/' took 0.01s
[2018.03.30-21.04.33:977][  0]LogFileCache: Scanning file cache for directory 'F:/UE4_DungeonBuilder/DungeonBuilder/Content/Collections/' took 0.01s
[2018.03.30-21.04.33:977][  0]LogCollectionManager: Rebuilt the GUID cache for 0 collections in 0.000000 seconds
[2018.03.30-21.04.34:006][  0]LogContentBrowser: Native class hierarchy populated in 0.0286 seconds. Added 2455 classes and 560 folders.
[2018.03.30-21.04.34:020][  0]LogContentBrowser: Native class hierarchy updated for 'WidgetCarousel' in 0.0009 seconds. Added 0 classes and 0 folders.
[2018.03.30-21.04.34:092][  0]LogContentBrowser: Native class hierarchy updated for 'AddContentDialog' in 0.0009 seconds. Added 0 classes and 0 folders.
[2018.03.30-21.04.35:139][  0]LogContentBrowser: Native class hierarchy updated for 'SceneOutliner' in 0.0009 seconds. Added 1 classes and 2 folders.
[2018.03.30-21.04.35:609][  0]LogSlate: Took 0.000500 seconds to synchronously load lazily loaded font '../../../Engine/Content/Slate/Fonts/Roboto-Regular.ttf' (155K)
[2018.03.30-21.04.35:615][  0]LogSlate: Took 0.000362 seconds to synchronously load lazily loaded font '../../../Engine/Content/Slate/Fonts/Roboto-Bold.ttf' (160K)
[2018.03.30-21.04.35:777][  0]LogSlate: Took 0.101280 seconds to synchronously load lazily loaded font '../../../Engine/Content/Editor/Slate/Fonts/FontAwesome.ttf' (139K)
[2018.03.30-21.04.36:792][  0]LogRenderer: Reallocating scene render targets to support 1192x644 Format 10 NumSamples 1 (Frame:1).
[2018.03.30-21.04.39:842][  0]LogContentBrowser: Native class hierarchy updated for 'HierarchicalLODOutliner' in 0.0008 seconds. Added 0 classes and 0 folders.
[2018.03.30-21.04.39:843][  0]LogLoad: (Engine Initialization) Total time: 21.73 seconds
[2018.03.30-21.04.39:843][  0]LogLoad: (Engine Initialization) Total Blueprint compile time: 0.00 seconds
[2018.03.30-21.04.39:852][  0]LogWindowsTextInputMethodSystem: Display: IME system now deactivated.
[2018.03.30-21.04.40:657][  0]LogContentStreaming: Texture pool size now 1000 MB
[2018.03.30-21.04.40:829][  0]LogSlate: Took 0.000270 seconds to synchronously load lazily loaded font '../../../Engine/Content/Slate/Fonts/Roboto-Light.ttf' (167K)
[2018.03.30-21.04.41:052][  1]LogAssetRegistry: Asset discovery search completed in 17.2394 seconds
[2018.03.30-21.04.41:057][  1]LogCollectionManager: Rebuilt the object cache for 0 collections in 0.000000 seconds (found 0 objects)
[2018.03.30-21.04.41:057][  1]LogCollectionManager: Fixed up redirectors for 0 collections in 0.000119 seconds (updated 0 objects)
[2018.03.30-21.04.55:551][280]LogEditorViewport: Clicking on Actor (LMB): StaticMeshActor (Wall5)
[2018.03.30-21.04.56:399][285]Cmd: DELETE
[2018.03.30-21.04.56:399][285]Cmd: ACTOR DELETE
[2018.03.30-21.04.56:645][285]LogEditorActor: Deleted Actor: StaticMeshActor
[2018.03.30-21.04.56:806][285]LogEditorActor: Deleted 1 Actors (0.249 secs)
[2018.03.30-21.04.56:966][286]LogEditorViewport: Clicking on Actor (LMB): StaticMeshActor (Wall1)
[2018.03.30-21.04.57:019][286]Cmd: DELETE
[2018.03.30-21.04.57:019][286]Cmd: ACTOR DELETE
[2018.03.30-21.04.57:021][286]LogEditorActor: Deleted Actor: StaticMeshActor
[2018.03.30-21.04.57:042][286]LogEditorActor: Deleted 1 Actors (0.023 secs)
[2018.03.30-21.04.57:884][376]LogEditorViewport: Clicking on Actor (LMB): StaticMeshActor (Wall3)
[2018.03.30-21.04.58:161][389]Cmd: DELETE
[2018.03.30-21.04.58:161][389]Cmd: ACTOR DELETE
[2018.03.30-21.04.58:164][389]LogEditorActor: Deleted Actor: StaticMeshActor
[2018.03.30-21.04.58:177][389]LogEditorActor: Deleted 1 Actors (0.016 secs)
[2018.03.30-21.04.58:960][469]LogEditorViewport: Clicking on Actor (LMB): StaticMeshActor (Wall2)
[2018.03.30-21.04.59:085][472]Cmd: DELETE
[2018.03.30-21.04.59:086][472]Cmd: ACTOR DELETE
[2018.03.30-21.04.59:088][472]LogEditorActor: Deleted Actor: StaticMeshActor
[2018.03.30-21.04.59:101][472]LogEditorActor: Deleted 1 Actors (0.015 secs)
[2018.03.30-21.04.59:811][552]LogEditorViewport: Clicking on Actor (LMB): StaticMeshActor (Cube24)
[2018.03.30-21.04.59:970][557]Cmd: DELETE
[2018.03.30-21.04.59:970][557]Cmd: ACTOR DELETE
[2018.03.30-21.04.59:972][557]LogEditorActor: Deleted Actor: StaticMeshActor
[2018.03.30-21.04.59:985][557]LogEditorActor: Deleted 1 Actors (0.014 secs)
[2018.03.30-21.05.00:320][594]LogEditorViewport: Clicking on Actor (LMB): StaticMeshActor (Floor)
[2018.03.30-21.05.00:525][603]Cmd: DELETE
[2018.03.30-21.05.00:526][603]Cmd: ACTOR DELETE
[2018.03.30-21.05.00:529][603]LogEditorActor: Deleted Actor: StaticMeshActor
[2018.03.30-21.05.00:541][603]LogEditorActor: Deleted 1 Actors (0.015 secs)
[2018.03.30-21.05.01:799][740]Cmd: TRANSACTION UNDO
[2018.03.30-21.05.01:799][740]LogEditorTransaction: Undo Delete Actors
[2018.03.30-21.05.01:969][740]LogSlate: Took 0.000252 seconds to synchronously load lazily loaded font '../../../Engine/Content/Slate/Fonts/Roboto-Light.ttf' (167K)
[2018.03.30-21.05.02:478][773]LogEditorViewport: Clicking on Actor (LMB): StaticMeshActor (Cube8)
[2018.03.30-21.05.03:103][820]Cmd: DELETE
[2018.03.30-21.05.03:104][820]Cmd: ACTOR DELETE
[2018.03.30-21.05.03:106][820]LogEditorActor: Deleted Actor: StaticMeshActor
[2018.03.30-21.05.03:119][820]LogEditorActor: Deleted 1 Actors (0.015 secs)
[2018.03.30-21.05.04:137][936]LogEditorViewport: Clicking on Actor (LMB): StaticMeshActor (Cube25)
[2018.03.30-21.05.04:270][939]Cmd: DELETE
[2018.03.30-21.05.04:270][939]Cmd: ACTOR DELETE
[2018.03.30-21.05.04:274][939]LogEditorActor: Deleted Actor: StaticMeshActor
[2018.03.30-21.05.04:287][939]LogEditorActor: Deleted 1 Actors (0.016 secs)
[2018.03.30-21.05.04:813][996]LogEditorViewport: Clicking on Actor (LMB): StaticMeshActor (Cube10)
[2018.03.30-21.05.04:916][997]Cmd: DELETE
[2018.03.30-21.05.04:916][997]Cmd: ACTOR DELETE
[2018.03.30-21.05.04:918][997]LogEditorActor: Deleted Actor: StaticMeshActor
[2018.03.30-21.05.04:930][997]LogEditorActor: Deleted 1 Actors (0.013 secs)
[2018.03.30-21.05.05:334][ 43]LogEditorViewport: Clicking on Actor (LMB): StaticMeshActor (Cube28)
[2018.03.30-21.05.05:429][ 44]Cmd: DELETE
[2018.03.30-21.05.05:429][ 44]Cmd: ACTOR DELETE
[2018.03.30-21.05.05:431][ 44]LogEditorActor: Deleted Actor: StaticMeshActor
[2018.03.30-21.05.05:443][ 44]LogEditorActor: Deleted 1 Actors (0.014 secs)
[2018.03.30-21.05.05:820][ 87]LogEditorViewport: Clicking on Actor (LMB): StaticMeshActor (Cube27)
[2018.03.30-21.05.05:931][ 89]Cmd: DELETE
[2018.03.30-21.05.05:931][ 89]Cmd: ACTOR DELETE
[2018.03.30-21.05.05:933][ 89]LogEditorActor: Deleted Actor: StaticMeshActor
[2018.03.30-21.05.05:946][ 89]LogEditorActor: Deleted 1 Actors (0.014 secs)
[2018.03.30-21.05.06:570][154]LogEditorViewport: Clicking on Actor (LMB): StaticMeshActor (Cube26)
[2018.03.30-21.05.06:740][161]Cmd: DELETE
[2018.03.30-21.05.06:740][161]Cmd: ACTOR DELETE
[2018.03.30-21.05.06:743][161]LogEditorActor: Deleted Actor: StaticMeshActor
[2018.03.30-21.05.06:755][161]LogEditorActor: Deleted 1 Actors (0.014 secs)
[2018.03.30-21.05.07:461][242]LogEditorViewport: Clicking on Actor (LMB): StaticMeshActor (Cube)
[2018.03.30-21.05.07:614][247]Cmd: DELETE
[2018.03.30-21.05.07:614][247]Cmd: ACTOR DELETE
[2018.03.30-21.05.07:616][247]LogEditorActor: Deleted Actor: StaticMeshActor
[2018.03.30-21.05.07:630][247]LogEditorActor: Deleted 1 Actors (0.015 secs)
[2018.03.30-21.05.08:088][295]LogEditorViewport: Clicking on Actor (LMB): StaticMeshActor (Cube23)
[2018.03.30-21.05.08:269][302]Cmd: DELETE
[2018.03.30-21.05.08:269][302]Cmd: ACTOR DELETE
[2018.03.30-21.05.08:271][302]LogEditorActor: Deleted Actor: StaticMeshActor
[2018.03.30-21.05.08:292][302]LogEditorActor: Deleted 1 Actors (0.023 secs)
[2018.03.30-21.05.08:847][349]LogEditorViewport: Clicking on Actor (LMB): StaticMeshActor (Cube22)
[2018.03.30-21.05.10:583][468]LogSlate: FSceneViewport::OnFocusLost() reason 0
[2018.03.30-21.05.31:589][257]LogEditorActor: Deleted Actor: StaticMeshActor
[2018.03.30-21.05.31:602][257]LogEditorActor: Deleted 1 Actors (0.015 secs)
[2018.03.30-21.05.32:261][321]LogEditorActor: Deleted Actor: StaticMeshActor
[2018.03.30-21.05.32:273][321]LogEditorActor: Deleted 1 Actors (0.015 secs)
[2018.03.30-21.05.32:697][362]LogEditorActor: Deleted Actor: StaticMeshActor
[2018.03.30-21.05.32:710][362]LogEditorActor: Deleted 1 Actors (0.015 secs)
[2018.03.30-21.05.33:942][498]LogEditorActor: Deleted Actor: StaticMeshActor
[2018.03.30-21.05.33:953][498]LogEditorActor: Deleted 1 Actors (0.013 secs)
[2018.03.30-21.05.34:442][545]LogEditorActor: Deleted Actor: StaticMeshActor
[2018.03.30-21.05.34:454][545]LogEditorActor: Deleted 1 Actors (0.014 secs)
[2018.03.30-21.05.34:920][591]LogEditorActor: Deleted Actor: StaticMeshActor
[2018.03.30-21.05.34:931][591]LogEditorActor: Deleted 1 Actors (0.012 secs)
[2018.03.30-21.05.35:461][646]LogEditorActor: Deleted Actor: StaticMeshActor
[2018.03.30-21.05.35:473][646]LogEditorActor: Deleted 1 Actors (0.013 secs)
[2018.03.30-21.05.36:032][703]LogEditorActor: Deleted Actor: StaticMeshActor
[2018.03.30-21.05.36:045][703]LogEditorActor: Deleted 1 Actors (0.014 secs)
[2018.03.30-21.05.36:555][752]LogEditorActor: Deleted Actor: StaticMeshActor
[2018.03.30-21.05.36:569][752]LogEditorActor: Deleted 1 Actors (0.015 secs)
[2018.03.30-21.05.37:146][811]LogEditorActor: Deleted Actor: StaticMeshActor
[2018.03.30-21.05.37:156][811]LogEditorActor: Deleted 1 Actors (0.012 secs)
[2018.03.30-21.05.41:348][228]MapCheck: New page: Map Check
[2018.03.30-21.05.41:408][228]LightingResults: New page: Lighting Build - Mar 30, 2018, 1:05:41 PM
[2018.03.30-21.05.41:679][228]LogSwarmInterface: [OpenConnection] Registering TCP channel ...
[2018.03.30-21.05.41:834][228]LogSwarmInterface: [OpenConnection] Connecting to agent ...
[2018.03.30-21.05.41:863][228]LogSwarmInterface: [TryOpenConnection] Testing the Agent
[2018.03.30-21.05.42:902][228]LogSwarmInterface: [TryOpenConnection] Opening Connection to Agent
[2018.03.30-21.05.42:903][228]LogSwarmInterface: [TryOpenConnection] Local Process ID is 8980
[2018.03.30-21.05.45:710][228]LogStaticLightingSystem: Running Lightmass w/ ImmediateImport mode ENABLED
[2018.03.30-21.05.45:710][228]LogStaticLightingSystem: Running Lightmass w/ ImmediateProcess mode ENABLED
[2018.03.30-21.05.45:710][228]LogStaticLightingSystem: Running Lightmass w/ Sorting mode ENABLED
[2018.03.30-21.05.45:710][228]LogStaticLightingSystem: Running Lightmass w/ Mapping paddings ENABLED
[2018.03.30-21.05.45:710][228]LogStaticLightingSystem: Running Lightmass w/ Mapping debug paddings DISABLED
[2018.03.30-21.05.45:977][228]LogEditorBuildUtils: Build time 0:04
[2018.03.30-21.05.45:984][228]LogMaterial: Missing cached shader map for material FLightmassMaterialRenderer MaterialInstanceDynamic_0, compiling. 
[2018.03.30-21.05.45:992][228]LogMaterial: Missing cached shader map for material FLightmassMaterialRenderer MaterialInstanceDynamic_0, compiling. 
[2018.03.30-21.05.46:018][228]LogShaderCompilers: Display: Shaders left to compile 2
[2018.03.30-21.05.46:027][229]LogMaterial: Missing cached shader map for material FLightmassMaterialRenderer CubeMaterial, compiling. 
[2018.03.30-21.05.46:033][229]LogMaterial: Missing cached shader map for material FLightmassMaterialRenderer CubeMaterial, compiling. 
[2018.03.30-21.05.46:046][229]LogShaderCompilers: Display: Shaders left to compile 6
[2018.03.30-21.05.46:060][230]LogMaterial: Missing cached shader map for material FLightmassMaterialRenderer WorldGridMaterial, compiling. Is special engine material.
[2018.03.30-21.05.46:081][230]LogShaderCompilers: Display: Shaders left to compile 2
[2018.03.30-21.05.46:081][230]LogMaterial: Missing cached shader map for material FLightmassMaterialRenderer WorldGridMaterial, compiling. Is special engine material.
[2018.03.30-21.05.48:468][231]LogShaderCompilers: Display: Shaders left to compile 2
[2018.03.30-21.05.53:853][515]Job is a success!
[2018.03.30-21.05.53:960][516]LogVolumetricLightmapImport: Imported Volumetric Lightmap in 0.028s
[2018.03.30-21.05.53:960][516]LogVolumetricLightmapImport:      Indirection Texture 16x16x16 = 0.0Mb
[2018.03.30-21.05.53:960][516]LogVolumetricLightmapImport:      BrickData 175x5x5 = 0.2Mb
[2018.03.30-21.05.53:960][516]LogVolumetricLightmapImport:      Bricks at Level
[2018.03.30-21.05.53:960][516]LogVolumetricLightmapImport:          0: 2.9% covering 100.0% of volume
[2018.03.30-21.05.53:960][516]LogVolumetricLightmapImport:          1: 11.4% covering 6.3% of volume
[2018.03.30-21.05.53:960][516]LogVolumetricLightmapImport:          2: 85.7% covering 0.7% of volume
[2018.03.30-21.05.54:238][516]LogTexture: Display: Building textures: SkyOcclusion1_1 (AutoDXT, 1024X512)
[2018.03.30-21.05.54:239][516]LogTexture: Display: Building textures: HQ_Lightmap1_1 (AutoDXT, 1024X1024)
[2018.03.30-21.05.54:239][516]LogTexture: Display: Building textures: LQ_Lightmap_1_1 (DXT1, 1024X1024)
[2018.03.30-21.05.54:239][516]LogTexture: Display: Building textures: SkyOcclusion1_2 (AutoDXT, 64X32)
[2018.03.30-21.05.54:239][516]LogTexture: Display: Building textures: LQ_Lightmap_1_2 (DXT1, 64X64)
[2018.03.30-21.05.54:239][516]LogTexture: Display: Building textures: HQ_Lightmap1_2 (AutoDXT, 64X64)
[2018.03.30-21.05.54:365][516]LogTexture: Display: Building textures: ShadowMapTexture2D_3 (G8, 32X32)
[2018.03.30-21.05.54:365][516]LogTexture: Display: Building textures: ShadowMapTexture2D_2 (G8, 512X512)
[2018.03.30-21.05.54:406][516]Lightmass on JPDESKTOP: 4.32 sec total, 227 ms importing, 28 ms setup, 888 ms photons, 3.10 sec processing, 0 ms extra exporting [2/2 mappings]. Threads: 21.4 sec total, 2.64 sec processing.
[2018.03.30-21.05.54:446][516]LogStaticLightingSystem: Illumination: 13.0 sec (231 ms encoding lightmaps, 111 ms encoding shadowmaps)
[2018.03.30-21.05.54:446][516]LogStaticLightingSystem: Lightmap texture memory:  2.7 MB (2.7 MB streaming, 0.0 MB non-streaming), 4 textures
[2018.03.30-21.05.54:446][516]LogStaticLightingSystem: Shadowmap texture memory: 0.3 MB (0.3 MB streaming, 0.0 MB non-streaming), 2 textures
[2018.03.30-21.05.54:716][516]DumpUnbuiltLightIteractions
[2018.03.30-21.05.54:716][516]Lights with unbuilt interactions: 0
[2018.03.30-21.05.54:716][516]
[2018.03.30-21.05.54:716][516]Primitives with unbuilt interactions: 0
[2018.03.30-21.05.54:796][517]Cmd: MAP CHECK NOTIFYRESULTS
[2018.03.30-21.05.54:796][517]MapCheck: New page: TopDownExampleMap - Mar 30, 2018, 1:05:54 PM
[2018.03.30-21.05.54:909][517]MapCheck: Map check complete: 0 Error(s), 0 Warning(s), took 112.487ms to complete.
[2018.03.30-21.06.28:900][665]LogLinker: Warning: Asset 'F:/UE4_DungeonBuilder/DungeonBuilder/Content/TopDownCPP/TopDownOverview.uasset' has been saved with empty engine version. The asset will be loaded but may be incompatible.
[2018.03.30-21.06.29:200][665]LogSlate: Window 'Tutorials' being destroyed
[2018.03.30-21.06.34:448][ 74]LogSlate: Window 'Delete Assets' being destroyed
[2018.03.30-21.06.54:959][899]LogMaterial: Missing cached shader map for material CubeMaterial, compiling. 
[2018.03.30-21.06.55:559][899]LogMaterial: Missing cached shader map for material CubeMaterial, compiling. 
[2018.03.30-21.06.55:587][899]LogShaderCompilers: Display: Shaders left to compile 18
[2018.03.30-21.06.55:587][899]LogShaderCompilers: Display: Shaders left to compile 17
[2018.03.30-21.06.55:587][899]LogShaderCompilers: Display: Shaders left to compile 16
[2018.03.30-21.06.55:587][899]LogShaderCompilers: Display: Shaders left to compile 15
[2018.03.30-21.06.55:600][899]LogMaterial: Missing cached shader map for material FMatExpressionPreview MaterialExpressionConstant3Vector_0, compiling. 
[2018.03.30-21.06.55:697][899]LogSlate: Took 0.082111 seconds to synchronously load lazily loaded font '../../../Engine/Content/Slate/Fonts/Roboto-BoldCondensed.ttf' (158K)
[2018.03.30-21.06.56:561][915]LogShaderCompilers: Display: Shaders left to compile 16
[2018.03.30-21.06.56:584][916]LogShaderCompilers: Display: Shaders left to compile 15
[2018.03.30-21.06.56:719][920]LogShaderCompilers: Display: Shaders left to compile 14
[2018.03.30-21.06.56:835][923]LogShaderCompilers: Display: Shaders left to compile 13
[2018.03.30-21.06.56:871][924]LogShaderCompilers: Display: Shaders left to compile 12
[2018.03.30-21.06.57:073][931]LogShaderCompilers: Display: Shaders left to compile 11
[2018.03.30-21.06.57:284][937]LogShaderCompilers: Display: Shaders left to compile 10
[2018.03.30-21.06.57:385][940]LogShaderCompilers: Display: Shaders left to compile 9
[2018.03.30-21.06.57:516][945]LogShaderCompilers: Display: Shaders left to compile 8
[2018.03.30-21.06.57:936][953]LogShaderCompilers: Display: Shaders left to compile 7
[2018.03.30-21.06.57:987][955]LogSlate: Window 'CubeMaterial' being destroyed
[2018.03.30-21.06.58:024][955]LogShaderCompilers: Display: Shaders left to compile 6
[2018.03.30-21.06.58:263][959]LogShaderCompilers: Display: Shaders left to compile 3
[2018.03.30-21.06.58:422][968]LogShaderCompilers: Display: Shaders left to compile 2
[2018.03.30-21.06.58:570][977]LogShaderCompilers: Display: Shaders left to compile 1
[2018.03.30-21.08.40:001][332]LogSlate: Window 'Save Content' being destroyed
[2018.03.30-21.08.40:338][332]LogSavePackage: Save=198.00ms
[2018.03.30-21.08.40:338][332]LogSavePackage: Moving 'F:/UE4_DungeonBuilder/DungeonBuilder/Saved/TopDownExampleMap9B098D164BB881477175C891C40D240F.tmp' to 'F:/UE4_DungeonBuilder/DungeonBuilder/Content/TopDownCPP/Maps/TopDownExampleMap.umap'
[2018.03.30-21.08.40:347][332]LogSavePackage: Display: Finished SavePackage F:/UE4_DungeonBuilder/DungeonBuilder/Content/TopDownCPP/Maps/TopDownExampleMap.umap
[2018.03.30-21.08.40:377][332]LogFileHelpers: Saving map 'TopDownExampleMap' took 0.354
[2018.03.30-21.08.40:382][332]Cmd: OBJ SAVEPACKAGE PACKAGE="/Game/TopDownCPP/Maps/TopDownExampleMap_BuiltData" FILE="F:/UE4_DungeonBuilder/DungeonBuilder/Content/TopDownCPP/Maps/TopDownExampleMap_BuiltData.uasset" SILENT=true
[2018.03.30-21.08.40:489][332]LogSavePackage: Save=90.23ms
[2018.03.30-21.08.40:489][332]LogSavePackage: Moving 'F:/UE4_DungeonBuilder/DungeonBuilder/Saved/TopDownExampleMap_BuiltData6EF4C953443F05135251EBA5382448D7.tmp' to 'F:/UE4_DungeonBuilder/DungeonBuilder/Content/TopDownCPP/Maps/TopDownExampleMap_BuiltData.uasset'
[2018.03.30-21.08.40:497][332]LogSavePackage: Display: Finished SavePackage F:/UE4_DungeonBuilder/DungeonBuilder/Content/TopDownCPP/Maps/TopDownExampleMap_BuiltData.uasset
[2018.03.30-21.08.40:594][332]LogSlate: Window 'DungeonBuilder - Unreal Editor' being destroyed
[2018.03.30-21.08.40:595][332]LogWindowsTextInputMethodSystem: Display: IME system now deactivated.
[2018.03.30-21.08.40:867][333]Cmd: QUIT_EDITOR
[2018.03.30-21.08.40:907][333]LogSlate: Slate User Destroyed.  User Index 0, Is Virtual User: 0
[2018.03.30-21.08.40:907][333]LogExit: Preparing to exit.
[2018.03.30-21.08.41:550][333]LogExit: Editor shut down
[2018.03.30-21.08.41:557][333]LogExit: Transaction tracking system shut down
[2018.03.30-21.08.41:693][333]LogDirectoryWatcher: A directory notification for '../../../Engine/Content/' was aborted.
[2018.03.30-21.08.41:693][333]LogDirectoryWatcher: A directory notification for 'F:/UE4_DungeonBuilder/DungeonBuilder/Content/' was aborted.
[2018.03.30-21.08.41:693][333]LogDirectoryWatcher: A directory notification for '../../Plugins/2D/Paper2D/Content/' was aborted.
[2018.03.30-21.08.41:693][333]LogDirectoryWatcher: A directory notification for '../../Plugins/Enterprise/DatasmithContent/Content/' was aborted.
[2018.03.30-21.08.41:693][333]LogDirectoryWatcher: A directory notification for '../../Plugins/Media/MediaCompositing/Content/' was aborted.
[2018.03.30-21.08.41:693][333]LogDirectoryWatcher: A directory notification for '../../Plugins/Runtime/AppleARKit/Content/' was aborted.
[2018.03.30-21.08.41:693][333]LogDirectoryWatcher: A directory notification for '../../Plugins/Runtime/Oculus/OculusVR/Content/' was aborted.
[2018.03.30-21.08.41:693][333]LogDirectoryWatcher: A directory notification for '../../Plugins/Runtime/Steam/SteamVR/Content/' was aborted.
[2018.03.30-21.08.41:805][333]LogExit: Object subsystem successfully closed.
[2018.03.30-21.08.41:826][333]LogShaderCompilers: Display: Shaders left to compile 0
[2018.03.30-21.08.41:830][333]LogD3D11RHI: Shutdown
[2018.03.30-21.08.41:830][333]LogD3D11RHI: CleanupD3DDevice
[2018.03.30-21.08.41:833][333]LogD3D11RHI: ~FD3D11DynamicRHI
[2018.03.30-21.08.41:848][333]LogModuleManager: Shutting down and abandoning module HierarchicalLODOutliner (576)
[2018.03.30-21.08.41:849][333]LogModuleManager: Shutting down and abandoning module DesktopPlatform (574)
[2018.03.30-21.08.41:849][333]LogModuleManager: Shutting down and abandoning module SceneOutliner (572)
[2018.03.30-21.08.41:849][333]LogModuleManager: Shutting down and abandoning module AddContentDialog (570)
[2018.03.30-21.08.41:849][333]LogDirectoryWatcher: A directory notification for 'E:/Program Files/UE_4.19/FeaturePacks/' was aborted.
[2018.03.30-21.08.41:858][333]LogModuleManager: Shutting down and abandoning module WidgetCarousel (569)
[2018.03.30-21.08.41:858][333]LogModuleManager: Shutting down and abandoning module EditorWidgets (566)
[2018.03.30-21.08.41:858][333]LogModuleManager: Shutting down and abandoning module CollectionManager (564)
[2018.03.30-21.08.41:859][333]LogDirectoryWatcher: A directory notification for 'F:/UE4_DungeonBuilder/DungeonBuilder/Content/Collections/' was aborted.
[2018.03.30-21.08.41:859][333]LogDirectoryWatcher: A directory notification for 'F:/UE4_DungeonBuilder/DungeonBuilder/Content/Developers/JayMcGee/Collections/' was aborted.
[2018.03.30-21.08.41:859][333]LogDirectoryWatcher: A directory notification for 'F:/UE4_DungeonBuilder/DungeonBuilder/Saved/Collections/' was aborted.
[2018.03.30-21.08.41:859][333]LogModuleManager: Shutting down and abandoning module StatsViewer (562)
[2018.03.30-21.08.41:859][333]LogModuleManager: Shutting down and abandoning module FoliageEdit (560)
[2018.03.30-21.08.41:859][333]LogModuleManager: Shutting down and abandoning module LandscapeEditor (558)
[2018.03.30-21.08.41:859][333]LogModuleManager: Shutting down and abandoning module MeshPaintMode (556)
[2018.03.30-21.08.41:859][333]LogModuleManager: Shutting down and abandoning module SceneDepthPickerMode (554)
[2018.03.30-21.08.41:859][333]LogModuleManager: Shutting down and abandoning module ActorPickerMode (552)
[2018.03.30-21.08.41:859][333]LogModuleManager: Shutting down and abandoning module GeometryMode (550)
[2018.03.30-21.08.41:859][333]LogModuleManager: Shutting down and abandoning module TextureAlignMode (548)
[2018.03.30-21.08.41:859][333]LogModuleManager: Shutting down and abandoning module BspMode (546)
[2018.03.30-21.08.41:859][333]LogModuleManager: Shutting down and abandoning module PIEPreviewDeviceProfileSelector (544)
[2018.03.30-21.08.41:859][333]LogModuleManager: Shutting down and abandoning module HardwareSurvey (542)
[2018.03.30-21.08.41:859][333]LogModuleManager: Shutting down and abandoning module SequenceRecorderSections (540)
[2018.03.30-21.08.41:860][333]LogModuleManager: Shutting down and abandoning module AutomationWorker (538)
[2018.03.30-21.08.41:860][333]LogModuleManager: Shutting down and abandoning module AudioCaptureEditor (536)
[2018.03.30-21.08.41:860][333]LogModuleManager: Shutting down and abandoning module SequenceRecorder (535)
[2018.03.30-21.08.41:860][333]LogModuleManager: Shutting down and abandoning module MatineeToLevelSequence (532)
[2018.03.30-21.08.41:860][333]LogModuleManager: Shutting down and abandoning module LevelSequenceEditor (530)
[2018.03.30-21.08.41:860][333]LogModuleManager: Shutting down and abandoning module PlacementMode (529)
[2018.03.30-21.08.41:860][333]LogModuleManager: Shutting down and abandoning module MaterialEditor (528)
[2018.03.30-21.08.41:860][333]LogModuleManager: Shutting down and abandoning module WmfMediaFactory (524)
[2018.03.30-21.08.41:860][333]LogModuleManager: Shutting down and abandoning module WmfMediaEditor (522)
[2018.03.30-21.08.41:860][333]LogModuleManager: Shutting down and abandoning module MediaPlayerEditor (520)
[2018.03.30-21.08.41:860][333]LogModuleManager: Shutting down and abandoning module OpenExrWrapper (518)
[2018.03.30-21.08.41:860][333]LogModuleManager: Shutting down and abandoning module ImgMediaFactory (516)
[2018.03.30-21.08.41:860][333]LogModuleManager: Shutting down and abandoning module ImgMediaEditor (514)
[2018.03.30-21.08.41:860][333]LogModuleManager: Shutting down and abandoning module AvfMediaFactory (512)
[2018.03.30-21.08.41:860][333]LogModuleManager: Shutting down and abandoning module AvfMediaEditor (510)
[2018.03.30-21.08.41:860][333]LogModuleManager: Shutting down and abandoning module AndroidMediaFactory (508)
[2018.03.30-21.08.41:860][333]LogModuleManager: Shutting down and abandoning module AndroidMediaEditor (506)
[2018.03.30-21.08.41:860][333]LogModuleManager: Shutting down and abandoning module CharacterAI (504)
[2018.03.30-21.08.41:860][333]LogModuleManager: Shutting down and abandoning module SmartSnapping (502)
[2018.03.30-21.08.41:861][333]LogModuleManager: Shutting down and abandoning module SessionServices (500)
[2018.03.30-21.08.41:861][333]LogModuleManager: Shutting down and abandoning module ViewportSnapping (498)
[2018.03.30-21.08.41:861][333]LogModuleManager: Shutting down and abandoning module ViewportInteraction (496)
[2018.03.30-21.08.41:861][333]LogModuleManager: Shutting down and abandoning module ClothPainter (494)
[2018.03.30-21.08.41:861][333]LogModuleManager: Shutting down and abandoning module SkeletalMeshEditor (493)
[2018.03.30-21.08.41:861][333]LogModuleManager: Shutting down and abandoning module LogVisualizer (490)
[2018.03.30-21.08.41:861][333]LogModuleManager: Shutting down and abandoning module IntroTutorials (488)
[2018.03.30-21.08.41:861][333]LogModuleManager: Shutting down and abandoning module GameProjectGeneration (487)
[2018.03.30-21.08.41:861][333]LogModuleManager: Shutting down and abandoning module IOSPlatformEditor (484)
[2018.03.30-21.08.41:861][333]LogModuleManager: Shutting down and abandoning module HTML5PlatformEditor (482)
[2018.03.30-21.08.41:861][333]LogModuleManager: Shutting down and abandoning module AndroidPlatformEditor (480)
[2018.03.30-21.08.41:861][333]LogModuleManager: Shutting down and abandoning module AndroidDeviceDetection (479)
[2018.03.30-21.08.42:831][333]LogModuleManager: Shutting down and abandoning module WindowsPlatformEditor (476)
[2018.03.30-21.08.42:831][333]LogModuleManager: Shutting down and abandoning module IOSRuntimeSettings (474)
[2018.03.30-21.08.42:831][333]LogModuleManager: Shutting down and abandoning module AndroidRuntimeSettings (472)
[2018.03.30-21.08.42:831][333]LogModuleManager: Shutting down and abandoning module InputBindingEditor (470)
[2018.03.30-21.08.42:831][333]LogModuleManager: Shutting down and abandoning module MergeActors (468)
[2018.03.30-21.08.42:831][333]LogModuleManager: Shutting down and abandoning module LocalizationDashboard (466)
[2018.03.30-21.08.42:831][333]LogModuleManager: Shutting down and abandoning module LocalizationService (465)
[2018.03.30-21.08.42:831][333]LogModuleManager: Shutting down and abandoning module HardwareTargeting (462)
[2018.03.30-21.08.42:831][333]LogModuleManager: Shutting down and abandoning module DeviceProfileEditor (460)
[2018.03.30-21.08.42:831][333]LogModuleManager: Shutting down and abandoning module UndoHistory (458)
[2018.03.30-21.08.42:831][333]LogModuleManager: Shutting down and abandoning module XmlParser (456)
[2018.03.30-21.08.42:831][333]LogModuleManager: Shutting down and abandoning module Blutility (454)
[2018.03.30-21.08.42:831][333]LogModuleManager: Shutting down and abandoning module ProjectSettingsViewer (452)
[2018.03.30-21.08.42:831][333]LogModuleManager: Shutting down and abandoning module ProjectTargetPlatformEditor (451)
[2018.03.30-21.08.42:831][333]LogModuleManager: Shutting down and abandoning module EditorSettingsViewer (448)
[2018.03.30-21.08.42:831][333]LogModuleManager: Shutting down and abandoning module SettingsEditor (446)
[2018.03.30-21.08.42:831][333]LogModuleManager: Shutting down and abandoning module ProjectLauncher (444)
[2018.03.30-21.08.42:832][333]LogModuleManager: Shutting down and abandoning module SessionFrontend (442)
[2018.03.30-21.08.42:832][333]LogModuleManager: Shutting down and abandoning module ProfilerClient (440)
[2018.03.30-21.08.42:832][333]LogModuleManager: Shutting down and abandoning module DeviceManager (438)
[2018.03.30-21.08.42:832][333]LogModuleManager: Shutting down and abandoning module TargetDeviceServices (437)
[2018.03.30-21.08.42:884][333]LogModuleManager: Shutting down and abandoning module AutomationController (434)
[2018.03.30-21.08.42:884][333]LogModuleManager: Shutting down and abandoning module AutomationWindow (432)
[2018.03.30-21.08.42:884][333]LogModuleManager: Shutting down and abandoning module Layers (430)
[2018.03.30-21.08.42:884][333]LogModuleManager: Shutting down and abandoning module ComponentVisualizers (428)
[2018.03.30-21.08.42:884][333]LogModuleManager: Shutting down and abandoning module DetailCustomizations (426)
[2018.03.30-21.08.42:884][333]LogModuleManager: Shutting down and abandoning module PackagesDialog (424)
[2018.03.30-21.08.42:885][333]LogModuleManager: Shutting down and abandoning module Persona (422)
[2018.03.30-21.08.42:885][333]LogModuleManager: Shutting down and abandoning module AdvancedPreviewScene (421)
[2018.03.30-21.08.42:885][333]LogModuleManager: Shutting down and abandoning module AnimGraph (419)
[2018.03.30-21.08.42:885][333]LogModuleManager: Shutting down and abandoning module Kismet (416)
[2018.03.30-21.08.42:885][333]LogModuleManager: Shutting down and abandoning module GraphEditor (414)
[2018.03.30-21.08.42:886][333]LogModuleManager: Shutting down and abandoning module ClassViewer (412)
[2018.03.30-21.08.42:886][333]LogModuleManager: Shutting down and abandoning module Toolbox (410)
[2018.03.30-21.08.42:886][333]LogModuleManager: Shutting down and abandoning module ModuleUI (408)
[2018.03.30-21.08.42:886][333]LogModuleManager: Shutting down and abandoning module MovieSceneTools (406)
[2018.03.30-21.08.42:886][333]LogModuleManager: Shutting down and abandoning module OutputLog (404)
[2018.03.30-21.08.42:886][333]LogModuleManager: Shutting down and abandoning module GammaUI (402)
[2018.03.30-21.08.42:886][333]LogModuleManager: Shutting down and abandoning module Documentation (400)
[2018.03.30-21.08.42:886][333]LogModuleManager: Shutting down and abandoning module MovieSceneTracks (398)
[2018.03.30-21.08.42:886][333]LogModuleManager: Shutting down and abandoning module MovieScene (396)
[2018.03.30-21.08.42:886][333]LogModuleManager: Shutting down and abandoning module StreamingPauseRendering (394)
[2018.03.30-21.08.42:886][333]LogModuleManager: Shutting down and abandoning module LauncherPlatform (392)
[2018.03.30-21.08.42:886][333]LogModuleManager: Shutting down and abandoning module AnalyticsET (390)
[2018.03.30-21.08.42:886][333]LogModuleManager: Shutting down and abandoning module PortalServices (388)
[2018.03.30-21.08.42:886][333]LogModuleManager: Shutting down and abandoning module PortalRpc (386)
[2018.03.30-21.08.42:886][333]LogModuleManager: Shutting down and abandoning module MessagingRpc (384)
[2018.03.30-21.08.42:886][333]LogModuleManager: Shutting down and abandoning module AIModule (382)
[2018.03.30-21.08.42:886][333]LogModuleManager: Shutting down and abandoning module GameplayDebugger (381)
[2018.03.30-21.08.42:886][333]LogModuleManager: Shutting down and abandoning module AITestSuite (379)
[2018.03.30-21.08.42:886][333]LogModuleManager: Shutting down and abandoning module ProfilerService (376)
[2018.03.30-21.08.43:063][333]LogModuleManager: Shutting down and abandoning module TaskGraph (374)
[2018.03.30-21.08.43:063][333]LogModuleManager: Shutting down and abandoning module SteamVRController (372)
[2018.03.30-21.08.43:063][333]LogModuleManager: Shutting down and abandoning module ProceduralMeshComponentEditor (370)
[2018.03.30-21.08.43:063][333]LogModuleManager: Shutting down and abandoning module ProceduralMeshComponent (368)
[2018.03.30-21.08.43:063][333]LogModuleManager: Shutting down and abandoning module OculusInput (366)
[2018.03.30-21.08.43:063][333]LogModuleManager: Shutting down and abandoning module MobilePatchingUtils (364)
[2018.03.30-21.08.43:063][333]LogModuleManager: Shutting down and abandoning module CustomMeshComponent (362)
[2018.03.30-21.08.43:063][333]LogModuleManager: Shutting down and abandoning module CableComponent (360)
[2018.03.30-21.08.43:063][333]LogModuleManager: Shutting down and abandoning module AudioCapture (358)
[2018.03.30-21.08.43:063][333]LogModuleManager: Shutting down and abandoning module ArchVisCharacter (356)
[2018.03.30-21.08.43:063][333]LogModuleManager: Shutting down and abandoning module AndroidPermission (354)
[2018.03.30-21.08.43:063][333]LogModuleManager: Shutting down and abandoning module NUTUnrealEngine4 (350)
[2018.03.30-21.08.43:063][333]LogModuleManager: Shutting down and abandoning module NetcodeUnitTest (348)
[2018.03.30-21.08.43:063][333]LogModuleManager: Shutting down and abandoning module MediaCompositingEditor (346)
[2018.03.30-21.08.43:063][333]LogModuleManager: Shutting down and abandoning module MediaCompositing (344)
[2018.03.30-21.08.43:063][333]LogModuleManager: Shutting down and abandoning module LinearTimecode (342)
[2018.03.30-21.08.43:063][333]LogModuleManager: Shutting down and abandoning module ImgMedia (340)
[2018.03.30-21.08.43:066][333]LogModuleManager: Shutting down and abandoning module HTML5Networking (338)
[2018.03.30-21.08.43:066][333]LogModuleManager: Shutting down and abandoning module AlembicImporter (336)
[2018.03.30-21.08.43:066][333]LogModuleManager: Shutting down and abandoning module AlembicLibrary (335)
[2018.03.30-21.08.43:066][333]LogModuleManager: Shutting down and abandoning module GeometryCache (334)
[2018.03.30-21.08.43:066][333]LogModuleManager: Shutting down and abandoning module GeometryCacheEd (333)
[2018.03.30-21.08.43:066][333]LogModuleManager: Shutting down and abandoning module DatasmithContent (328)
[2018.03.30-21.08.43:066][333]LogModuleManager: Shutting down and abandoning module SpeedTreeImporter (326)
[2018.03.30-21.08.43:066][333]LogModuleManager: Shutting down and abandoning module PluginBrowser (324)
[2018.03.30-21.08.43:066][333]LogModuleManager: Shutting down and abandoning module MobileLauncherProfileWizard (322)
[2018.03.30-21.08.43:066][333]LogModuleManager: Shutting down and abandoning module CryptoKeysOpenSSL (320)
[2018.03.30-21.08.43:066][333]LogModuleManager: Shutting down and abandoning module CryptoKeys (318)
[2018.03.30-21.08.43:066][333]LogModuleManager: Shutting down and abandoning module VisualStudioSourceCodeAccess (316)
[2018.03.30-21.08.43:066][333]LogModuleManager: Shutting down and abandoning module VisualStudioCodeSourceCodeAccess (314)
[2018.03.30-21.08.43:066][333]LogModuleManager: Shutting down and abandoning module UObjectPlugin (312)
[2018.03.30-21.08.43:066][333]LogModuleManager: Shutting down and abandoning module SubversionSourceControl (310)
[2018.03.30-21.08.43:067][333]LogModuleManager: Shutting down and abandoning module PerforceSourceControl (308)
[2018.03.30-21.08.43:067][333]LogModuleManager: Shutting down and abandoning module GitSourceControl (306)
[2018.03.30-21.08.43:067][333]LogModuleManager: Shutting down and abandoning module SourceControl (305)
[2018.03.30-21.08.43:067][333]LogModuleManager: Shutting down and abandoning module CLionSourceCodeAccess (302)
[2018.03.30-21.08.43:067][333]LogModuleManager: Shutting down and abandoning module LightPropagationVolumeEditor (300)
[2018.03.30-21.08.43:067][333]LogModuleManager: Shutting down and abandoning module PaperTiledImporter (298)
[2018.03.30-21.08.43:067][333]LogModuleManager: Shutting down and abandoning module PaperSpriteSheetImporter (296)
[2018.03.30-21.08.43:067][333]LogModuleManager: Shutting down and abandoning module Paper2DEditor (294)
[2018.03.30-21.08.43:067][333]LogModuleManager: Shutting down and abandoning module MeshPaint (293)
[2018.03.30-21.08.43:067][333]LogModuleManager: Shutting down and abandoning module DungeonBuilder (290)
[2018.03.30-21.08.43:067][333]LogModuleManager: Shutting down and abandoning module RuntimePhysXCooking (288)
[2018.03.30-21.08.43:067][333]LogModuleManager: Shutting down and abandoning module PhysXVehiclesEditor (286)
[2018.03.30-21.08.43:067][333]LogModuleManager: Shutting down and abandoning module PhysXVehicles (284)
[2018.03.30-21.08.43:067][333]LogModuleManager: Shutting down and abandoning module OculusEditor (282)
[2018.03.30-21.08.43:067][333]LogModuleManager: Shutting down and abandoning module LocationServicesBPLibrary (280)
[2018.03.30-21.08.43:067][333]LogModuleManager: Shutting down and abandoning module ImmediatePhysicsEditor (278)
[2018.03.30-21.08.43:067][333]LogModuleManager: Shutting down and abandoning module ImmediatePhysics (276)
[2018.03.30-21.08.43:067][333]LogModuleManager: Shutting down and abandoning module ActorSequence (274)
[2018.03.30-21.08.43:067][333]LogModuleManager: Shutting down and abandoning module UdpMessaging (272)
[2018.03.30-21.08.43:168][333]LogModuleManager: Shutting down and abandoning module TcpMessaging (270)
[2018.03.30-21.08.43:268][333]LogModuleManager: Shutting down and abandoning module GameplayTagsEditor (268)
[2018.03.30-21.08.43:268][333]LogModuleManager: Shutting down and abandoning module FacialAnimationEditor (266)
[2018.03.30-21.08.43:268][333]LogModuleManager: Shutting down and abandoning module FacialAnimation (264)
[2018.03.30-21.08.43:268][333]LogModuleManager: Shutting down and abandoning module DataValidation (262)
[2018.03.30-21.08.43:268][333]LogModuleManager: Shutting down and abandoning module AssetManagerEditor (260)
[2018.03.30-21.08.43:268][333]LogModuleManager: Shutting down and abandoning module LevelEditor (259)
[2018.03.30-21.08.43:269][333]LogModuleManager: Shutting down and abandoning module PixelInspectorModule (258)
[2018.03.30-21.08.43:269][333]LogModuleManager: Shutting down and abandoning module CommonMenuExtensions (256)
[2018.03.30-21.08.43:269][333]LogModuleManager: Shutting down and abandoning module MainFrame (254)
[2018.03.30-21.08.43:269][333]LogModuleManager: Shutting down and abandoning module HotReload (253)
[2018.03.30-21.08.43:270][333]LogDirectoryWatcher: A directory notification for 'F:/UE4_DungeonBuilder/DungeonBuilder/Binaries/Win64' was aborted.
[2018.03.30-21.08.43:270][333]LogModuleManager: Shutting down and abandoning module ContentBrowser (249)
[2018.03.30-21.08.43:271][333]LogModuleManager: Shutting down and abandoning module TreeMap (247)
[2018.03.30-21.08.43:271][333]LogModuleManager: Shutting down and abandoning module LightPropagationVolumeRuntime (244)
[2018.03.30-21.08.43:271][333]LogModuleManager: Shutting down and abandoning module LiveLinkEditor (242)
[2018.03.30-21.08.43:271][333]LogModuleManager: Shutting down and abandoning module LiveLink (240)
[2018.03.30-21.08.44:141][333]LogModuleManager: Shutting down and abandoning module Paper2D (238)
[2018.03.30-21.08.44:141][333]LogModuleManager: Shutting down and abandoning module WindowsMoviePlayer (236)
[2018.03.30-21.08.44:141][333]LogModuleManager: Shutting down and abandoning module WmfMedia (234)
[2018.03.30-21.08.44:142][333]LogModuleManager: Shutting down and abandoning module PacketHandler (232)
[2018.03.30-21.08.44:142][333]LogModuleManager: Shutting down and abandoning module ClothingSystemEditor (230)
[2018.03.30-21.08.44:142][333]LogModuleManager: Shutting down and abandoning module ClothingSystemRuntime (228)
[2018.03.30-21.08.44:142][333]LogModuleManager: Shutting down and abandoning module MediaAssets (226)
[2018.03.30-21.08.44:142][333]LogModuleManager: Shutting down and abandoning module Media (225)
[2018.03.30-21.08.44:148][333]LogModuleManager: Shutting down and abandoning module Overlay (222)
[2018.03.30-21.08.44:148][333]LogModuleManager: Shutting down and abandoning module OverlayEditor (221)
[2018.03.30-21.08.44:148][333]LogModuleManager: Shutting down and abandoning module VREditor (218)
[2018.03.30-21.08.44:148][333]LogModuleManager: Shutting down and abandoning module StringTableEditor (216)
[2018.03.30-21.08.44:148][333]LogModuleManager: Shutting down and abandoning module GameplayTasksEditor (214)
[2018.03.30-21.08.44:148][333]LogModuleManager: Shutting down and abandoning module BehaviorTreeEditor (212)
[2018.03.30-21.08.44:148][333]LogModuleManager: Shutting down and abandoning module FunctionalTesting (210)
[2018.03.30-21.08.44:148][333]LogModuleManager: Shutting down and abandoning module CollisionAnalyzer (208)
[2018.03.30-21.08.44:148][333]LogModuleManager: Shutting down and abandoning module WorkspaceMenuStructure (207)
[2018.03.30-21.08.44:148][333]LogModuleManager: Shutting down and abandoning module UMG (204)
[2018.03.30-21.08.44:148][333]LogModuleManager: Shutting down and abandoning module UMGEditor (203)
[2018.03.30-21.08.44:148][333]LogModuleManager: Shutting down and abandoning module Sequencer (202)
[2018.03.30-21.08.44:149][333]LogModuleManager: Shutting down and abandoning module MessageLog (199)
[2018.03.30-21.08.44:149][333]LogModuleManager: Shutting down and abandoning module SlateReflector (194)
[2018.03.30-21.08.44:149][333]LogModuleManager: Shutting down and abandoning module Slate (192)
[2018.03.30-21.08.44:149][333]LogModuleManager: Shutting down and abandoning module EditorStyle (190)
[2018.03.30-21.08.44:150][333]LogModuleManager: Shutting down and abandoning module MRMesh (188)
[2018.03.30-21.08.44:151][333]LogModuleManager: Shutting down and abandoning module SourceCodeAccess (186)
[2018.03.30-21.08.44:151][333]LogModuleManager: Shutting down and abandoning module HeadMountedDisplay (184)
[2018.03.30-21.08.44:151][333]LogModuleManager: Shutting down and abandoning module XAudio2 (182)
[2018.03.30-21.08.44:151][333]LogModuleManager: Shutting down and abandoning module Networking (180)
[2018.03.30-21.08.44:151][333]LogModuleManager: Shutting down and abandoning module Core (178)
[2018.03.30-21.08.44:151][333]LogModuleManager: Shutting down and abandoning module LevelSequence (176)
[2018.03.30-21.08.44:151][333]LogModuleManager: Shutting down and abandoning module KismetCompiler (174)
[2018.03.30-21.08.44:151][333]LogModuleManager: Shutting down and abandoning module MeshUtilities (172)
[2018.03.30-21.08.44:151][333]LogModuleManager: Shutting down and abandoning module MeshMergeUtilities (171)
[2018.03.30-21.08.44:151][333]LogModuleManager: Shutting down and abandoning module MeshReductionInterface (170)
[2018.03.30-21.08.44:151][333]LogModuleManager: Shutting down and abandoning module SimplygonSwarm (169)
[2018.03.30-21.08.44:151][333]LogModuleManager: Shutting down and abandoning module SimplygonMeshReduction (167)
[2018.03.30-21.08.44:151][333]LogModuleManager: Shutting down and abandoning module QuadricMeshReduction (165)
[2018.03.30-21.08.44:151][333]LogModuleManager: Shutting down and abandoning module MaterialBaking (161)
[2018.03.30-21.08.44:151][333]LogModuleManager: Shutting down and abandoning module DirectoryWatcher (157)
[2018.03.30-21.08.44:152][333]LogModuleManager: Shutting down and abandoning module DerivedDataCache (154)
[2018.03.30-21.08.44:244][333]LogDerivedDataCache: Shutdown
[2018.03.30-21.08.44:244][333]LogModuleManager: Shutting down and abandoning module XGEController (152)
[2018.03.30-21.08.44:244][333]LogModuleManager: Shutting down and abandoning module TargetPlatform (150)
[2018.03.30-21.08.44:244][333]LogModuleManager: Shutting down and abandoning module VulkanShaderFormat (149)
[2018.03.30-21.08.44:244][333]LogModuleManager: Shutting down and abandoning module ShaderFormatVectorVM (147)
[2018.03.30-21.08.44:244][333]LogModuleManager: Shutting down and abandoning module ShaderFormatOpenGL (145)
[2018.03.30-21.08.44:244][333]LogModuleManager: Shutting down and abandoning module ShaderFormatD3D (143)
[2018.03.30-21.08.44:244][333]LogModuleManager: Shutting down and abandoning module MetalShaderFormat (141)
[2018.03.30-21.08.44:244][333]LogModuleManager: Shutting down and abandoning module TextureFormatUncompressed (139)
[2018.03.30-21.08.44:244][333]LogModuleManager: Shutting down and abandoning module TextureFormatPVR (137)
[2018.03.30-21.08.44:244][333]LogModuleManager: Shutting down and abandoning module TextureFormatDXT (135)
[2018.03.30-21.08.44:244][333]LogModuleManager: Shutting down and abandoning module TextureFormatIntelISPCTexComp (133)
[2018.03.30-21.08.44:244][333]LogModuleManager: Shutting down and abandoning module TextureFormatASTC (131)
[2018.03.30-21.08.44:244][333]LogModuleManager: Shutting down and abandoning module ImageWrapper (130)
[2018.03.30-21.08.44:244][333]LogModuleManager: Shutting down and abandoning module TextureFormatAndroid (127)
[2018.03.30-21.08.44:244][333]LogModuleManager: Shutting down and abandoning module AudioFormatOpus (125)
[2018.03.30-21.08.44:244][333]LogModuleManager: Shutting down and abandoning module AudioFormatOgg (123)
[2018.03.30-21.08.44:244][333]LogModuleManager: Shutting down and abandoning module AudioFormatADPCM (121)
[2018.03.30-21.08.44:244][333]LogModuleManager: Shutting down and abandoning module LinuxTargetPlatform (119)
[2018.03.30-21.08.44:244][333]LogModuleManager: Shutting down and abandoning module LinuxServerTargetPlatform (117)
[2018.03.30-21.08.44:244][333]LogModuleManager: Shutting down and abandoning module LinuxNoEditorTargetPlatform (115)
[2018.03.30-21.08.44:244][333]LogModuleManager: Shutting down and abandoning module LinuxClientTargetPlatform (113)
[2018.03.30-21.08.44:244][333]LogModuleManager: Shutting down and abandoning module TVOSTargetPlatform (111)
[2018.03.30-21.08.44:244][333]LogModuleManager: Shutting down and abandoning module Messaging (109)
[2018.03.30-21.08.44:244][333]LogModuleManager: Shutting down and abandoning module IOSTargetPlatform (107)
[2018.03.30-21.08.44:244][333]LogModuleManager: Shutting down and abandoning module HTML5TargetPlatform (105)
[2018.03.30-21.08.44:244][333]LogModuleManager: Shutting down and abandoning module AndroidTargetPlatform (103)
[2018.03.30-21.08.44:244][333]LogModuleManager: Shutting down and abandoning module Android_PVRTCTargetPlatform (101)
[2018.03.30-21.08.44:245][333]LogModuleManager: Shutting down and abandoning module Android_MultiTargetPlatform (99)
[2018.03.30-21.08.44:245][333]LogModuleManager: Shutting down and abandoning module Android_ETC2TargetPlatform (97)
[2018.03.30-21.08.44:245][333]LogModuleManager: Shutting down and abandoning module Android_ETC1TargetPlatform (95)
[2018.03.30-21.08.44:245][333]LogModuleManager: Shutting down and abandoning module Android_ETC1aTargetPlatform (93)
[2018.03.30-21.08.44:245][333]LogModuleManager: Shutting down and abandoning module Android_DXTTargetPlatform (91)
[2018.03.30-21.08.44:245][333]LogModuleManager: Shutting down and abandoning module Android_ATCTargetPlatform (89)
[2018.03.30-21.08.44:245][333]LogModuleManager: Shutting down and abandoning module Android_ASTCTargetPlatform (87)
[2018.03.30-21.08.44:245][333]LogModuleManager: Shutting down and abandoning module WindowsTargetPlatform (85)
[2018.03.30-21.08.44:245][333]LogModuleManager: Shutting down and abandoning module WindowsServerTargetPlatform (83)
[2018.03.30-21.08.44:245][333]LogModuleManager: Shutting down and abandoning module WindowsNoEditorTargetPlatform (81)
[2018.03.30-21.08.44:245][333]LogModuleManager: Shutting down and abandoning module WindowsClientTargetPlatform (79)
[2018.03.30-21.08.44:245][333]LogModuleManager: Shutting down and abandoning module MacTargetPlatform (77)
[2018.03.30-21.08.44:245][333]LogModuleManager: Shutting down and abandoning module MacServerTargetPlatform (75)
[2018.03.30-21.08.44:245][333]LogModuleManager: Shutting down and abandoning module MacNoEditorTargetPlatform (73)
[2018.03.30-21.08.44:245][333]LogModuleManager: Shutting down and abandoning module MacClientTargetPlatform (71)
[2018.03.30-21.08.44:245][333]LogModuleManager: Shutting down and abandoning module AllDesktopTargetPlatform (69)
[2018.03.30-21.08.44:245][333]LogModuleManager: Shutting down and abandoning module InputCore (66)
[2018.03.30-21.08.44:245][333]LogModuleManager: Shutting down and abandoning module Settings (64)
[2018.03.30-21.08.44:245][333]LogModuleManager: Shutting down and abandoning module PhysXCooking (62)
[2018.03.30-21.08.44:245][333]LogModuleManager: Shutting down and abandoning module SteamVR (60)
[2018.03.30-21.08.44:245][333]LogModuleManager: Shutting down and abandoning module OculusHMD (58)
[2018.03.30-21.08.44:245][333]LogModuleManager: Shutting down and abandoning module ExampleDeviceProfileSelector (56)
[2018.03.30-21.08.44:245][333]LogModuleManager: Shutting down and abandoning module AppleARKit (54)
[2018.03.30-21.08.44:245][333]LogModuleManager: Shutting down and abandoning module AugmentedReality (51)
[2018.03.30-21.08.44:245][333]LogModuleManager: Shutting down and abandoning module OnlineBlueprintSupport (48)
[2018.03.30-21.08.44:245][333]LogModuleManager: Shutting down and abandoning module OnlineSubsystem (44)
[2018.03.30-21.08.44:245][333]LogModuleManager: Shutting down and abandoning module XMPP (43)
[2018.03.30-21.08.44:245][333]LogModuleManager: Shutting down and abandoning module HTTP (41)
[2018.03.30-21.08.44:245][333]LogHttp: Display: Http module shutting down, but needs to wait on 1 outstanding Http requests:
[2018.03.30-21.08.44:245][333]LogHttp: Display: 	verb=[POST] url=[https://datarouter.ol.epicgames.com/datarouter/api/v1/public/data?SessionID=%7BB85A76FB-45A0-6BBC-9132-5D97A107FA8F%7D&AppID=UEEditor.Rocket.Release&AppVersion=4.19.0-3944462%2B%2B%2BUE4%2BRelease-4.19&UserID=c92974484467e475913b2d8ddd358d62%7Cc7ca5f50a61940a58cab829d0a8ca283%7C120145c0-1c03-42cc-966b-a875264bfc00&AppEnvironment=datacollector-binary&UploadType=eteventstream] status=Processing
[2018.03.30-21.08.44:261][333]LogModuleManager: Shutting down and abandoning module SSL (40)
[2018.03.30-21.08.44:262][333]LogModuleManager: Shutting down and abandoning module AnimationModifiers (36)
[2018.03.30-21.08.44:263][333]LogModuleManager: Shutting down and abandoning module PropertyEditor (35)
[2018.03.30-21.08.44:263][333]LogModuleManager: Shutting down and abandoning module AudioEditor (32)
[2018.03.30-21.08.44:263][333]LogModuleManager: Shutting down and abandoning module TextureCompressor (30)
[2018.03.30-21.08.44:263][333]LogModuleManager: Shutting down and abandoning module ShaderCore (28)
[2018.03.30-21.08.44:263][333]LogModuleManager: Shutting down and abandoning module Landscape (26)
[2018.03.30-21.08.44:263][333]LogModuleManager: Shutting down and abandoning module SlateRHIRenderer (24)
[2018.03.30-21.08.44:264][333]LogModuleManager: Shutting down and abandoning module OpenGLDrv (22)
[2018.03.30-21.08.44:264][333]LogModuleManager: Shutting down and abandoning module D3D11RHI (20)
[2018.03.30-21.08.44:264][333]LogModuleManager: Shutting down and abandoning module AnimGraphRuntime (18)
[2018.03.30-21.08.44:264][333]LogModuleManager: Shutting down and abandoning module Renderer (16)
[2018.03.30-21.08.44:264][333]LogModuleManager: Shutting down and abandoning module Engine (14)
[2018.03.30-21.08.44:264][333]LogModuleManager: Shutting down and abandoning module CoreUObject (12)
[2018.03.30-21.08.44:264][333]LogModuleManager: Shutting down and abandoning module NetworkFile (10)
[2018.03.30-21.08.44:264][333]LogModuleManager: Shutting down and abandoning module CookedIterativeFile (8)
[2018.03.30-21.08.44:264][333]LogModuleManager: Shutting down and abandoning module StreamingFile (6)
[2018.03.30-21.08.44:264][333]LogModuleManager: Shutting down and abandoning module SandboxFile (4)
[2018.03.30-21.08.44:264][333]LogModuleManager: Shutting down and abandoning module PakFile (2)
[2018.03.30-21.08.44:270][333]LogExit: Exiting.
[2018.03.30-21.08.44:282][333]Log file closed, 03/30/18 17:08:44
